L 08/20/2021 - 03:52:03: Log file started (file "logs\L0820004.log") (game "C:\Users\monst\Desktop\HL2Server\garrysmod") (version "8283")
L 08/20/2021 - 03:52:03: server_cvar: "sbox_noclip" "0"
L 08/20/2021 - 03:52:03: server_cvar: "sbox_maxprops" "150"
L 08/20/2021 - 03:52:03: server_cvar: "sbox_maxragdolls" "0"
L 08/20/2021 - 03:52:03: server_cvar: "sbox_maxnpcs" "0"
L 08/20/2021 - 03:52:03: server_cvar: "sbox_maxballoons" "0"
L 08/20/2021 - 03:52:03: server_cvar: "sbox_maxeffects" "0"
L 08/20/2021 - 03:52:03: server_cvar: "sbox_maxdynamite" "0"
L 08/20/2021 - 03:52:03: server_cvar: "sbox_maxlamps" "0"
L 08/20/2021 - 03:52:03: server_cvar: "sbox_maxthrusters" "0"
L 08/20/2021 - 03:52:03: server_cvar: "sbox_maxwheels" "0"
L 08/20/2021 - 03:52:03: server_cvar: "sbox_maxhoverballs" "0"
L 08/20/2021 - 03:52:03: server_cvar: "sbox_maxvehicles" "0"
L 08/20/2021 - 03:52:03: server_cvar: "sbox_maxbuttons" "0"
L 08/20/2021 - 03:52:03: server_cvar: "sbox_maxemitters" "0"
L 08/20/2021 - 03:52:04: Connection to Steam servers successful.
L 08/20/2021 - 03:52:04:    Public IP is 75.157.60.132.
L 08/20/2021 - 03:52:04: Assigned anonymous gameserver Steam ID [A-1:2387141639(18277)].
L 08/20/2021 - 03:52:04: VAC secure mode is activated.
L 08/20/2021 - 03:52:29: "Tzar<2><STEAM_0:0:140210729><>" connected, address "192.168.1.71:27006"
L 08/20/2021 - 03:52:29: "Tzar<2><STEAM_0:0:140210729><>" STEAM USERID validated
L 08/20/2021 - 03:52:38: "Tzar<2><STEAM_0:0:140210729><>" entered the game
L 08/20/2021 - 03:53:11: [ULX] M007<STEAM_0:0:140210729> spawned sent ix_vendingmachine
L 08/20/2021 - 04:03:02: "Tzar<2><STEAM_0:0:140210729><>" disconnected (reason "Disconnect by user.")
L 08/20/2021 - 04:03:14: server_message: "quit"
L 08/20/2021 - 04:03:15: Log file closed.
