L 08/24/2021 - 14:37:21: Log file started (file "logs\L0824007.log") (game "C:\Users\monst\Desktop\HL2Server\garrysmod") (version "8283")
L 08/24/2021 - 14:37:21: server_cvar: "sbox_noclip" "0"
L 08/24/2021 - 14:37:21: server_cvar: "sbox_maxprops" "150"
L 08/24/2021 - 14:37:21: server_cvar: "sbox_maxragdolls" "0"
L 08/24/2021 - 14:37:21: server_cvar: "sbox_maxnpcs" "0"
L 08/24/2021 - 14:37:21: server_cvar: "sbox_maxballoons" "0"
L 08/24/2021 - 14:37:21: server_cvar: "sbox_maxeffects" "0"
L 08/24/2021 - 14:37:21: server_cvar: "sbox_maxdynamite" "0"
L 08/24/2021 - 14:37:21: server_cvar: "sbox_maxlamps" "0"
L 08/24/2021 - 14:37:21: server_cvar: "sbox_maxthrusters" "0"
L 08/24/2021 - 14:37:21: server_cvar: "sbox_maxwheels" "0"
L 08/24/2021 - 14:37:21: server_cvar: "sbox_maxhoverballs" "0"
L 08/24/2021 - 14:37:21: server_cvar: "sbox_maxvehicles" "0"
L 08/24/2021 - 14:37:21: server_cvar: "sbox_maxbuttons" "0"
L 08/24/2021 - 14:37:21: server_cvar: "sbox_maxemitters" "0"
L 08/24/2021 - 14:37:22: Connection to Steam servers successful.
L 08/24/2021 - 14:37:22:    Public IP is 75.157.60.132.
L 08/24/2021 - 14:37:22: Assigned anonymous gameserver Steam ID [A-1:2197225475(18307)].
L 08/24/2021 - 14:37:22: VAC secure mode is activated.
L 08/24/2021 - 14:37:30: "Tzar<2><STEAM_0:0:140210729><>" connected, address "192.168.1.71:27006"
L 08/24/2021 - 14:37:31: "Tzar<2><STEAM_0:0:140210729><>" STEAM USERID validated
L 08/24/2021 - 14:37:47: "Tzar<2><STEAM_0:0:140210729><>" entered the game
L 08/24/2021 - 14:43:20: "TadeusSlovak<3><STEAM_0:1:84322488><>" connected, address "62.178.200.58:27005"
L 08/24/2021 - 14:43:21: "TadeusSlovak<3><STEAM_0:1:84322488><>" STEAM USERID validated
L 08/24/2021 - 14:43:40: "TadeusSlovak<3><STEAM_0:1:84322488><>" entered the game
L 08/24/2021 - 14:45:31: [ULX] Czar added Martin Dalox to group admin
L 08/24/2021 - 14:45:39: [ULX] Czar added James Williams to group admin
L 08/24/2021 - 14:45:40: [ULX] Czar added Toorusty to group admin
L 08/24/2021 - 14:45:56: [ULX] Czar granted access "helix - chargiveitem" to group admin
L 08/24/2021 - 14:45:57: [ULX] Czar granted access "helix - charsetmodel" to group admin
L 08/24/2021 - 14:45:58: [ULX] Czar granted access "helix - charsettokens" to group admin
L 08/24/2021 - 14:45:59: [ULX] Czar granted access "helix - event" to group admin
L 08/24/2021 - 14:46:09: [ULX] Martin Dalox slayed Themself
L 08/24/2021 - 14:46:28: "The Apex Typhon<4><STEAM_0:1:74180635><>" connected, address "146.70.48.83:3900"
L 08/24/2021 - 14:46:28: "The Apex Typhon<4><STEAM_0:1:74180635><>" STEAM USERID validated
L 08/24/2021 - 14:46:46: "The Apex Typhon<4><STEAM_0:1:74180635><>" entered the game
L 08/24/2021 - 14:48:42: "Optical<5><STEAM_0:0:460042086><>" connected, address "89.168.5.2:27005"
L 08/24/2021 - 14:48:42: "Optical<5><STEAM_0:0:460042086><>" STEAM USERID validated
L 08/24/2021 - 14:49:04: [ULX] Czar added Based Man to group admin
L 08/24/2021 - 14:49:05: "Toorusty<6><STEAM_0:0:67125359><>" connected, address "73.240.121.48:27005"
L 08/24/2021 - 14:49:05: "Toorusty<6><STEAM_0:0:67125359><>" STEAM USERID validated
L 08/24/2021 - 14:49:12: [ULX] Martin Dalox teleported to Based Man
L 08/24/2021 - 14:49:18: "Optical<5><STEAM_0:0:460042086><>" entered the game
L 08/24/2021 - 14:49:22: "Toorusty<6><STEAM_0:0:67125359><>" entered the game
L 08/24/2021 - 14:51:01: [ULX] John Butler<STEAM_0:1:74180635> spawned sent item_ammo_smg1_large
L 08/24/2021 - 14:51:01: [ULX] John Butler<STEAM_0:1:74180635> spawned sent item_ammo_smg1_large
L 08/24/2021 - 14:51:14: [ULX] James Williams<STEAM_0:0:460042086> spawned sent ix_forcefield
L 08/24/2021 - 14:51:20: [ULX] James Williams<STEAM_0:0:460042086> spawned sent item_ammo_smg1
L 08/24/2021 - 14:51:20: [ULX] James Williams<STEAM_0:0:460042086> spawned sent item_ammo_smg1
L 08/24/2021 - 14:51:20: [ULX] James Williams<STEAM_0:0:460042086> spawned sent item_ammo_smg1
L 08/24/2021 - 14:51:20: [ULX] James Williams<STEAM_0:0:460042086> spawned sent item_ammo_smg1
L 08/24/2021 - 14:51:20: [ULX] James Williams<STEAM_0:0:460042086> spawned sent item_ammo_smg1
L 08/24/2021 - 14:51:21: [ULX] James Williams<STEAM_0:0:460042086> spawned sent item_ammo_smg1
L 08/24/2021 - 14:51:40: [ULX] John Butler slayed Martin Dalox
L 08/24/2021 - 14:51:51: [ULX] John Butler<STEAM_0:1:74180635> spawned sent item_healthkit
L 08/24/2021 - 14:52:00: [ULX] John Butler<STEAM_0:1:74180635> spawned sent item_healthkit
L 08/24/2021 - 14:52:00: [ULX] John Butler<STEAM_0:1:74180635> spawned sent item_healthkit
L 08/24/2021 - 14:52:00: [ULX] John Butler<STEAM_0:1:74180635> spawned sent item_healthkit
L 08/24/2021 - 14:52:00: [ULX] John Butler<STEAM_0:1:74180635> spawned sent item_healthkit
L 08/24/2021 - 14:52:00: [ULX] John Butler<STEAM_0:1:74180635> spawned sent item_healthkit
L 08/24/2021 - 14:52:52: [ULX] John Butler<STEAM_0:1:74180635> spawned sent item_ammo_ar2_large
L 08/24/2021 - 14:52:53: [ULX] John Butler<STEAM_0:1:74180635> spawned sent item_ammo_ar2_large
L 08/24/2021 - 14:53:51: Lua Error: 
[ERROR] gamemodes/helix/gamemode/core/meta/sh_player.lua:209: Tried to use a NULL entity!
  1. GetClass - [C]:-1
   2. ToggleWepRaised - gamemodes/helix/gamemode/core/meta/sh_player.lua:209
    3. unknown - gamemodes/helix/gamemode/core/hooks/sv_hooks.lua:109


L 08/24/2021 - 14:54:07: "Toorusty<6><STEAM_0:0:67125359><>" disconnected (reason "Server shutting down")
L 08/24/2021 - 14:54:07: "Optical<5><STEAM_0:0:460042086><>" disconnected (reason "Server shutting down")
L 08/24/2021 - 14:54:07: "The Apex Typhon<4><STEAM_0:1:74180635><>" disconnected (reason "Server shutting down")
L 08/24/2021 - 14:54:07: "TadeusSlovak<3><STEAM_0:1:84322488><>" disconnected (reason "Server shutting down")
L 08/24/2021 - 14:54:07: "Tzar<2><STEAM_0:0:140210729><>" disconnected (reason "Server shutting down")
L 08/24/2021 - 14:54:07: server_message: "quit"
L 08/24/2021 - 14:54:07: Log file closed.
