L 08/20/2021 - 13:18:12: Log file started (file "logs\L0820009.log") (game "C:\Users\monst\Desktop\HL2Server\garrysmod") (version "8283")
L 08/20/2021 - 13:18:12: server_cvar: "sbox_noclip" "0"
L 08/20/2021 - 13:18:12: server_cvar: "sbox_maxprops" "150"
L 08/20/2021 - 13:18:12: server_cvar: "sbox_maxragdolls" "0"
L 08/20/2021 - 13:18:12: server_cvar: "sbox_maxnpcs" "0"
L 08/20/2021 - 13:18:12: server_cvar: "sbox_maxballoons" "0"
L 08/20/2021 - 13:18:12: server_cvar: "sbox_maxeffects" "0"
L 08/20/2021 - 13:18:12: server_cvar: "sbox_maxdynamite" "0"
L 08/20/2021 - 13:18:12: server_cvar: "sbox_maxlamps" "0"
L 08/20/2021 - 13:18:12: server_cvar: "sbox_maxthrusters" "0"
L 08/20/2021 - 13:18:12: server_cvar: "sbox_maxwheels" "0"
L 08/20/2021 - 13:18:12: server_cvar: "sbox_maxhoverballs" "0"
L 08/20/2021 - 13:18:12: server_cvar: "sbox_maxvehicles" "0"
L 08/20/2021 - 13:18:12: server_cvar: "sbox_maxbuttons" "0"
L 08/20/2021 - 13:18:12: server_cvar: "sbox_maxemitters" "0"
L 08/20/2021 - 13:18:13: Connection to Steam servers successful.
L 08/20/2021 - 13:18:13:    Public IP is 75.157.60.132.
L 08/20/2021 - 13:18:13: Assigned anonymous gameserver Steam ID [A-1:3998294027(18280)].
L 08/20/2021 - 13:18:13: VAC secure mode is activated.
L 08/20/2021 - 13:30:53: "Tzar<2><STEAM_0:0:140210729><>" connected, address "192.168.1.71:27006"
L 08/20/2021 - 13:30:54: "Tzar<2><STEAM_0:0:140210729><>" STEAM USERID validated
L 08/20/2021 - 13:31:17: "Tzar<2><STEAM_0:0:140210729><>" entered the game
L 08/20/2021 - 13:32:21: [ULX] M007 changed the map to rp_city17_build210
L 08/20/2021 - 13:32:21: Log file closed.
