L 08/20/2021 - 02:49:28: Log file started (file "logs\L0820003.log") (game "C:\Users\monst\Desktop\HL2Server\garrysmod") (version "8283")
L 08/20/2021 - 02:49:28: server_cvar: "sbox_noclip" "0"
L 08/20/2021 - 02:49:28: server_cvar: "sbox_maxprops" "150"
L 08/20/2021 - 02:49:28: server_cvar: "sbox_maxragdolls" "0"
L 08/20/2021 - 02:49:28: server_cvar: "sbox_maxnpcs" "0"
L 08/20/2021 - 02:49:28: server_cvar: "sbox_maxballoons" "0"
L 08/20/2021 - 02:49:28: server_cvar: "sbox_maxeffects" "0"
L 08/20/2021 - 02:49:28: server_cvar: "sbox_maxdynamite" "0"
L 08/20/2021 - 02:49:28: server_cvar: "sbox_maxlamps" "0"
L 08/20/2021 - 02:49:28: server_cvar: "sbox_maxthrusters" "0"
L 08/20/2021 - 02:49:28: server_cvar: "sbox_maxwheels" "0"
L 08/20/2021 - 02:49:28: server_cvar: "sbox_maxhoverballs" "0"
L 08/20/2021 - 02:49:28: server_cvar: "sbox_maxvehicles" "0"
L 08/20/2021 - 02:49:28: server_cvar: "sbox_maxbuttons" "0"
L 08/20/2021 - 02:49:28: server_cvar: "sbox_maxemitters" "0"
L 08/20/2021 - 02:49:29: Connection to Steam servers successful.
L 08/20/2021 - 02:49:29:    Public IP is 75.157.60.132.
L 08/20/2021 - 02:49:29: Assigned anonymous gameserver Steam ID [A-1:1671307271(18277)].
L 08/20/2021 - 02:49:29: VAC secure mode is activated.
L 08/20/2021 - 02:53:50: "Tzar<2><STEAM_0:0:140210729><>" connected, address "192.168.1.71:27006"
L 08/20/2021 - 02:59:48: "Tzar<2><STEAM_0:0:140210729><>" disconnected (reason "Lost connection")
L 08/20/2021 - 02:59:49: "Tzar<3><STEAM_0:0:140210729><>" connected, address "192.168.1.71:27006"
L 08/20/2021 - 02:59:49: "Tzar<3><STEAM_0:0:140210729><>" disconnected (reason "Connection closing")
L 08/20/2021 - 02:59:49: "Tzar<4><STEAM_0:0:140210729><>" connected, address "192.168.1.71:27006"
L 08/20/2021 - 02:59:49: "Tzar<4><STEAM_0:0:140210729><>" STEAM USERID validated
L 08/20/2021 - 03:09:11: "Tzar<4><STEAM_0:0:140210729><>" entered the game
L 08/20/2021 - 03:09:11: "Tzar<4><STEAM_0:0:140210729><>" disconnected (reason "Lost connection")
L 08/20/2021 - 03:19:07: "Tzar<5><STEAM_0:0:140210729><>" connected, address "192.168.1.71:27006"
L 08/20/2021 - 03:19:07: "Tzar<5><STEAM_0:0:140210729><>" STEAM USERID validated
L 08/20/2021 - 03:19:18: "Tzar<5><STEAM_0:0:140210729><>" entered the game
L 08/20/2021 - 03:21:17: server_cvar: "sv_cheats" "1"
L 08/20/2021 - 03:22:59: [ULX] (Console) added userid 76561198240687186 to group superadmin
L 08/20/2021 - 03:23:33: [ULX] (Console) removed all access rights from 76561198240687186
L 08/20/2021 - 03:24:00: [ULX] (Console) added M007 to group superadmin
L 08/20/2021 - 03:24:54: server_cvar: "sbox_weapons" "0"
L 08/20/2021 - 03:27:59: server_cvar: "sf_addnight_temp" "-4"
L 08/20/2021 - 03:28:01: server_cvar: "sf_hide_forecast" "1"
L 08/20/2021 - 03:28:09: server_cvar: "sf_min_temp" "-1.18"
L 08/20/2021 - 03:28:09: server_cvar: "sf_max_temp" "32"
L 08/20/2021 - 03:28:10: server_cvar: "sf_max_temp" "21.92"
L 08/20/2021 - 03:28:13: server_cvar: "sf_min_temp" "1.34"
L 08/20/2021 - 03:28:21: server_cvar: "sf_windmove_props_break" "0"
L 08/20/2021 - 03:28:23: server_cvar: "sf_windmove_props_unfreeze" "0"
L 08/20/2021 - 03:28:24: server_cvar: "sf_windmove_props_unweld" "0"
L 08/20/2021 - 03:28:27: server_cvar: "sf_windmove_props_max" "2"
L 08/20/2021 - 03:28:28: server_cvar: "sf_windmove_props_max" "20"
L 08/20/2021 - 03:28:44: server_cvar: "sf_sunyaw" "85"
L 08/20/2021 - 03:28:44: server_cvar: "sf_sunyaw" "83"
L 08/20/2021 - 03:28:44: server_cvar: "sf_sunyaw" "82"
L 08/20/2021 - 03:28:44: server_cvar: "sf_sunyaw" "80"
L 08/20/2021 - 03:28:44: server_cvar: "sf_sunyaw" "77"
L 08/20/2021 - 03:28:44: server_cvar: "sf_sunyaw" "76"
L 08/20/2021 - 03:28:44: server_cvar: "sf_sunyaw" "74"
L 08/20/2021 - 03:28:44: server_cvar: "sf_sunyaw" "73"
L 08/20/2021 - 03:28:44: server_cvar: "sf_sunyaw" "71"
L 08/20/2021 - 03:28:44: server_cvar: "sf_sunyaw" "70"
L 08/20/2021 - 03:28:44: server_cvar: "sf_sunyaw" "68"
L 08/20/2021 - 03:28:44: server_cvar: "sf_sunyaw" "67"
L 08/20/2021 - 03:28:45: server_cvar: "sf_sunyaw" "65"
L 08/20/2021 - 03:28:45: server_cvar: "sf_sunyaw" "64"
L 08/20/2021 - 03:28:45: server_cvar: "sf_sunyaw" "62"
L 08/20/2021 - 03:28:45: server_cvar: "sf_sunyaw" "61"
L 08/20/2021 - 03:28:45: server_cvar: "sf_sunyaw" "59"
L 08/20/2021 - 03:28:45: server_cvar: "sf_sunyaw" "58"
L 08/20/2021 - 03:28:45: server_cvar: "sf_sunyaw" "56"
L 08/20/2021 - 03:28:45: server_cvar: "sf_sunyaw" "58"
L 08/20/2021 - 03:28:45: server_cvar: "sf_sunyaw" "59"
L 08/20/2021 - 03:28:45: server_cvar: "sf_sunyaw" "61"
L 08/20/2021 - 03:28:45: server_cvar: "sf_sunyaw" "62"
L 08/20/2021 - 03:28:45: server_cvar: "sf_sunyaw" "64"
L 08/20/2021 - 03:28:45: server_cvar: "sf_sunyaw" "65"
L 08/20/2021 - 03:28:45: server_cvar: "sf_sunyaw" "67"
L 08/20/2021 - 03:28:45: server_cvar: "sf_sunyaw" "68"
L 08/20/2021 - 03:28:45: server_cvar: "sf_sunyaw" "70"
L 08/20/2021 - 03:28:45: server_cvar: "sf_sunyaw" "71"
L 08/20/2021 - 03:28:46: server_cvar: "sf_sunyaw" "73"
L 08/20/2021 - 03:28:46: server_cvar: "sf_sunyaw" "74"
L 08/20/2021 - 03:28:46: server_cvar: "sf_sunyaw" "76"
L 08/20/2021 - 03:28:46: server_cvar: "sf_sunyaw" "77"
L 08/20/2021 - 03:28:46: server_cvar: "sf_sunyaw" "79"
L 08/20/2021 - 03:28:47: server_cvar: "sf_sunyaw" "80"
L 08/20/2021 - 03:29:16: server_cvar: "sf_random_round_weather" "0"
L 08/20/2021 - 03:47:41: [ULX] M007<STEAM_0:0:140210729> spawned sent ix_rationdispenser
L 08/20/2021 - 03:49:05: "Tzar<5><STEAM_0:0:140210729><>" disconnected (reason "Disconnect by user.")
L 08/20/2021 - 03:51:39: server_message: "quit"
L 08/20/2021 - 03:51:39: Log file closed.
