L 08/22/2021 - 19:29:00: Log file started (file "logs\L0822004.log") (game "C:\Users\monst\Desktop\HL2Server\garrysmod") (version "8283")
L 08/22/2021 - 19:29:00: Loading map "rp_city2_v4_finalb"
L 08/22/2021 - 19:29:00: server cvars start
L 08/22/2021 - 19:29:00: "ttt_namechange_bantime" = "10"
L 08/22/2021 - 19:29:00: "ttt_namechange_kick" = "1"
L 08/22/2021 - 19:29:00: "ttt_ragdoll_pinning_innocents" = "0"
L 08/22/2021 - 19:29:00: "ttt_ragdoll_pinning" = "1"
L 08/22/2021 - 19:29:00: "ttt_teleport_telefrags" = "1"
L 08/22/2021 - 19:29:00: "ttt_no_nade_throw_during_prep" = "1"
L 08/22/2021 - 19:29:00: "ttt_allow_discomb_jump" = "0"
L 08/22/2021 - 19:29:00: "ttt_detective_hats" = "1"
L 08/22/2021 - 19:29:00: "ttt_detective_karma_min" = "600"
L 08/22/2021 - 19:29:00: "ttt_detective_min_players" = "8"
L 08/22/2021 - 19:29:00: "ttt_det_credits_starting" = "1"
L 08/22/2021 - 19:29:00: "ttt_detective_pct" = "0.125000"
L 08/22/2021 - 19:29:00: "ttt_detective_max" = "32"
L 08/22/2021 - 19:29:00: "ttt_credits_starting" = "2"
L 08/22/2021 - 19:29:00: "ttt_traitor_pct" = "0.250000"
L 08/22/2021 - 19:29:00: "ttt_traitor_max" = "32"
L 08/22/2021 - 19:29:00: "ttt_postround_dm" = "0"
L 08/22/2021 - 19:29:00: "ttt_haste_minutes_per_death" = "0.500000"
L 08/22/2021 - 19:29:00: "ttt_haste_starting_minutes" = "5"
L 08/22/2021 - 19:29:00: "ttt_roundtime_minutes" = "10"
L 08/22/2021 - 19:29:00: "ttt_round_limit" = "6"
L 08/22/2021 - 19:29:00: "ttt_posttime_seconds" = "30"
L 08/22/2021 - 19:29:00: "ttt_preptime_seconds" = "30"
L 08/22/2021 - 19:29:00: "ttt_firstpreptime" = "60"
L 08/22/2021 - 19:29:00: "ttt_time_limit_minutes" = "75"
L 08/22/2021 - 19:29:00: "ttt_haste" = "1"
L 08/22/2021 - 19:29:00: "ttt_debug_preventwin" = "0"
L 08/22/2021 - 19:29:00: "sbox_persist" = "ix_ixhl2rp"
L 08/22/2021 - 19:29:00: "sbox_bonemanip_misc" = "0"
L 08/22/2021 - 19:29:00: "sbox_bonemanip_player" = "0"
L 08/22/2021 - 19:29:00: "sbox_bonemanip_npc" = "1"
L 08/22/2021 - 19:29:00: "sbox_noclip" = "0"
L 08/22/2021 - 19:29:00: "sbox_maxemitters" = "0"
L 08/22/2021 - 19:29:00: "sbox_maxbuttons" = "0"
L 08/22/2021 - 19:29:00: "sbox_maxhoverballs" = "0"
L 08/22/2021 - 19:29:00: "sbox_maxthrusters" = "0"
L 08/22/2021 - 19:29:00: "sbox_maxwheels" = "0"
L 08/22/2021 - 19:29:00: "sbox_maxlights" = "5"
L 08/22/2021 - 19:29:00: "sbox_maxlamps" = "0"
L 08/22/2021 - 19:29:00: "sbox_maxdynamite" = "0"
L 08/22/2021 - 19:29:00: "sbox_maxsents" = "100"
L 08/22/2021 - 19:29:00: "sbox_maxnpcs" = "0"
L 08/22/2021 - 19:29:00: "sbox_maxcameras" = "10"
L 08/22/2021 - 19:29:00: "sbox_maxballoons" = "0"
L 08/22/2021 - 19:29:00: "sbox_maxeffects" = "0"
L 08/22/2021 - 19:29:00: "sbox_maxvehicles" = "0"
L 08/22/2021 - 19:29:00: "sbox_maxragdolls" = "0"
L 08/22/2021 - 19:29:00: "sbox_maxprops" = "150"
L 08/22/2021 - 19:29:00: "sbox_playershurtplayers" = "1"
L 08/22/2021 - 19:29:00: "sbox_godmode" = "0"
L 08/22/2021 - 19:29:00: "sbox_weapons" = "1"
L 08/22/2021 - 19:29:00: "physgun_limited" = "0"
L 08/22/2021 - 19:29:00: "sv_allowcslua" = "0"
L 08/22/2021 - 19:29:00: "physgun_maxrange" = "4096"
L 08/22/2021 - 19:29:00: "ai_disabled" = "0"
L 08/22/2021 - 19:29:00: "ai_ignoreplayers" = "0"
L 08/22/2021 - 19:29:00: "mp_teamplay" = "0"
L 08/22/2021 - 19:29:00: "mp_falldamage" = "0"
L 08/22/2021 - 19:29:00: "mp_weaponstay" = "0"
L 08/22/2021 - 19:29:00: "mp_forcerespawn" = "1"
L 08/22/2021 - 19:29:00: "mp_footsteps" = "1"
L 08/22/2021 - 19:29:00: "mp_flashlight" = "1"
L 08/22/2021 - 19:29:00: "mp_autocrosshair" = "1"
L 08/22/2021 - 19:29:00: "decalfrequency" = "10"
L 08/22/2021 - 19:29:00: "mp_teamlist" = "hgrunt;scientist"
L 08/22/2021 - 19:29:00: "mp_allowNPCs" = "1"
L 08/22/2021 - 19:29:00: "mp_friendlyfire" = "0"
L 08/22/2021 - 19:29:00: "mp_fadetoblack" = "0"
L 08/22/2021 - 19:29:00: "sv_gravity" = "600"
L 08/22/2021 - 19:29:00: "sv_stopspeed" = "10"
L 08/22/2021 - 19:29:00: "sv_noclipaccelerate" = "5"
L 08/22/2021 - 19:29:00: "sv_noclipspeed" = "5"
L 08/22/2021 - 19:29:00: "sv_specaccelerate" = "5"
L 08/22/2021 - 19:29:00: "sv_specspeed" = "3"
L 08/22/2021 - 19:29:00: "sv_specnoclip" = "1"
L 08/22/2021 - 19:29:00: "sv_maxspeed" = "10000"
L 08/22/2021 - 19:29:00: "sv_accelerate" = "10"
L 08/22/2021 - 19:29:00: "sv_airaccelerate" = "10"
L 08/22/2021 - 19:29:00: "sv_wateraccelerate" = "10"
L 08/22/2021 - 19:29:00: "sv_waterfriction" = "1"
L 08/22/2021 - 19:29:00: "sv_footsteps" = "1"
L 08/22/2021 - 19:29:00: "sv_rollspeed" = "200"
L 08/22/2021 - 19:29:00: "sv_rollangle" = "0"
L 08/22/2021 - 19:29:00: "sv_friction" = "8"
L 08/22/2021 - 19:29:00: "sv_bounce" = "0"
L 08/22/2021 - 19:29:00: "sv_stepsize" = "18"
L 08/22/2021 - 19:29:00: "r_VehicleViewDampen" = "0"
L 08/22/2021 - 19:29:00: "r_JeepViewDampenFreq" = "7.0"
L 08/22/2021 - 19:29:00: "r_JeepViewDampenDamp" = "1.0"
L 08/22/2021 - 19:29:00: "r_JeepViewZHeight" = "10.0"
L 08/22/2021 - 19:29:00: "r_AirboatViewDampenFreq" = "7.0"
L 08/22/2021 - 19:29:00: "r_AirboatViewDampenDamp" = "1.0"
L 08/22/2021 - 19:29:00: "r_AirboatViewZHeight" = "0.0"
L 08/22/2021 - 19:29:00: "mp_timelimit" = "0"
L 08/22/2021 - 19:29:00: "mp_fraglimit" = "0"
L 08/22/2021 - 19:29:00: "nextlevel" = ""
L 08/22/2021 - 19:29:00: "sv_maxusrcmdprocessticks" = "24"
L 08/22/2021 - 19:29:00: "sv_alltalk" = "0"
L 08/22/2021 - 19:29:00: "sv_hl2mp_weapon_respawn_time" = "20"
L 08/22/2021 - 19:29:00: "sv_hl2mp_item_respawn_time" = "30"
L 08/22/2021 - 19:29:00: "sv_report_client_settings" = "0"
L 08/22/2021 - 19:29:00: "sv_cheats" = "0"
L 08/22/2021 - 19:29:00: "sv_pausable" = "0"
L 08/22/2021 - 19:29:00: "sv_contact" = ""
L 08/22/2021 - 19:29:00: "sv_voiceenable" = "1"
L 08/22/2021 - 19:29:00: "tv_enable" = "0"
L 08/22/2021 - 19:29:00: "sv_steamgroup" = ""
L 08/22/2021 - 19:29:00: "sv_password" = ""
L 08/22/2021 - 19:29:00: "tv_relaypassword" = ""
L 08/22/2021 - 19:29:00: "tv_password" = ""
L 08/22/2021 - 19:29:00: "deathmatch" = "1"
L 08/22/2021 - 19:29:00: "coop" = "0"
L 08/22/2021 - 19:29:00: server cvars end
L 08/22/2021 - 19:29:06: Started map "rp_city2_v4_finalb" (CRC "13060b8ef5e126e2a8be1fdc0a743017")
L 08/22/2021 - 19:29:08: server_cvar: "wire_expression2_find_rate" "0.050000"
L 08/22/2021 - 19:29:08: server_cvar: "wire_holoemitter_interval" "0.300000"
L 08/22/2021 - 19:29:08: Lua Error: [AddCSLuaFile] Couldn't find 'ixhl2rp/plugins/animfix/sh_plugin.lua' (@gamemodes/helix/gamemode/core/sh_util.lua (line 51))

L 08/22/2021 - 19:29:08: Lua Error: Couldn't include file 'ixhl2rp\plugins\animfix\sh_plugin.lua' (File not found) (@gamemodes/helix/gamemode/core/libs/sh_plugin.lua (line 55))

L 08/22/2021 - 19:29:08: Lua Error: [AddCSLuaFile] Couldn't find 'ixhl2rp/plugins/shove/sh_plugin.lua' (@gamemodes/helix/gamemode/core/sh_util.lua (line 51))

L 08/22/2021 - 19:29:08: Lua Error: Couldn't include file 'ixhl2rp\plugins\shove\sh_plugin.lua' (File not found) (@gamemodes/helix/gamemode/core/libs/sh_plugin.lua (line 55))

L 08/22/2021 - 19:29:08: Executing dedicated server config file server.cfg
L 08/22/2021 - 19:29:09: Log file closed.
