L 08/24/2021 - 13:50:42: Log file started (file "logs\L0824006.log") (game "C:\Users\monst\Desktop\HL2Server\garrysmod") (version "8283")
L 08/24/2021 - 13:50:42: server_cvar: "sbox_noclip" "0"
L 08/24/2021 - 13:50:42: server_cvar: "sbox_maxprops" "150"
L 08/24/2021 - 13:50:42: server_cvar: "sbox_maxragdolls" "0"
L 08/24/2021 - 13:50:42: server_cvar: "sbox_maxnpcs" "0"
L 08/24/2021 - 13:50:42: server_cvar: "sbox_maxballoons" "0"
L 08/24/2021 - 13:50:42: server_cvar: "sbox_maxeffects" "0"
L 08/24/2021 - 13:50:42: server_cvar: "sbox_maxdynamite" "0"
L 08/24/2021 - 13:50:42: server_cvar: "sbox_maxlamps" "0"
L 08/24/2021 - 13:50:42: server_cvar: "sbox_maxthrusters" "0"
L 08/24/2021 - 13:50:42: server_cvar: "sbox_maxwheels" "0"
L 08/24/2021 - 13:50:42: server_cvar: "sbox_maxhoverballs" "0"
L 08/24/2021 - 13:50:42: server_cvar: "sbox_maxvehicles" "0"
L 08/24/2021 - 13:50:42: server_cvar: "sbox_maxbuttons" "0"
L 08/24/2021 - 13:50:42: server_cvar: "sbox_maxemitters" "0"
L 08/24/2021 - 13:50:43: Connection to Steam servers successful.
L 08/24/2021 - 13:50:43:    Public IP is 75.157.60.132.
L 08/24/2021 - 13:50:43: Assigned anonymous gameserver Steam ID [A-1:480943115(18307)].
L 08/24/2021 - 13:50:43: VAC secure mode is activated.
L 08/24/2021 - 13:50:45: "Minty<2><STEAM_0:1:513516857><>" connected, address "94.204.10.102:27005"
L 08/24/2021 - 13:50:45: "Minty<2><STEAM_0:1:513516857><>" STEAM USERID validated
L 08/24/2021 - 13:50:50: "Azio<3><STEAM_0:1:89342027><>" connected, address "81.98.242.157:27005"
L 08/24/2021 - 13:50:50: "Azio<3><STEAM_0:1:89342027><>" STEAM USERID validated
L 08/24/2021 - 13:51:35: "Tzar<4><STEAM_0:0:140210729><>" connected, address "192.168.1.71:27006"
L 08/24/2021 - 13:51:36: "Tzar<4><STEAM_0:0:140210729><>" STEAM USERID validated
L 08/24/2021 - 13:51:41: "Minty<2><STEAM_0:1:513516857><>" entered the game
L 08/24/2021 - 13:51:42: "Two idiots<5><STEAM_0:0:189813992><>" connected, address "31.223.48.26:58400"
L 08/24/2021 - 13:51:42: "Two idiots<5><STEAM_0:0:189813992><>" STEAM USERID validated
L 08/24/2021 - 13:51:45: "Fawful™<6><STEAM_0:0:226903802><>" connected, address "37.179.111.75:27005"
L 08/24/2021 - 13:51:45: "Fawful™<6><STEAM_0:0:226903802><>" STEAM USERID validated
L 08/24/2021 - 13:51:55: "Revectane<7><STEAM_0:0:199691641><>" connected, address "95.144.147.234:27005"
L 08/24/2021 - 13:51:55: "Revectane<7><STEAM_0:0:199691641><>" STEAM USERID validated
L 08/24/2021 - 13:52:01: "Tzar<4><STEAM_0:0:140210729><>" entered the game
L 08/24/2021 - 13:52:07: "Bilack<8><STEAM_0:0:12479815><>" connected, address "81.101.28.128:27005"
L 08/24/2021 - 13:52:07: "Bilack<8><STEAM_0:0:12479815><>" STEAM USERID validated
L 08/24/2021 - 13:52:11: "The Apex Typhon<9><STEAM_0:1:74180635><>" connected, address "146.70.48.83:3916"
L 08/24/2021 - 13:52:12: "The Apex Typhon<9><STEAM_0:1:74180635><>" STEAM USERID validated
L 08/24/2021 - 13:52:25: "Azio<3><STEAM_0:1:89342027><>" entered the game
L 08/24/2021 - 13:52:29: "Two idiots<5><STEAM_0:0:189813992><>" entered the game
L 08/24/2021 - 13:52:30: "The Apex Typhon<9><STEAM_0:1:74180635><>" entered the game
L 08/24/2021 - 13:52:33: "Fawful™<6><STEAM_0:0:226903802><>" entered the game
L 08/24/2021 - 13:52:38: "Toorusty<10><STEAM_0:0:67125359><>" connected, address "73.240.121.48:27005"
L 08/24/2021 - 13:52:39: "Toorusty<10><STEAM_0:0:67125359><>" STEAM USERID validated
L 08/24/2021 - 13:52:54: "Pepsiman (Engaged)<11><STEAM_0:1:63799470><>" connected, address "24.147.35.251:27005"
L 08/24/2021 - 13:52:54: "Pepsiman (Engaged)<11><STEAM_0:1:63799470><>" STEAM USERID validated
L 08/24/2021 - 13:53:05: "Minty<2><STEAM_0:1:513516857><>" disconnected (reason "Disconnect by user.")
L 08/24/2021 - 13:53:16: "Bilack<8><STEAM_0:0:12479815><>" entered the game
L 08/24/2021 - 13:53:43: "DrSouls<12><STEAM_0:0:83876580><>" connected, address "176.250.76.175:27005"
L 08/24/2021 - 13:53:43: "DOOM ETERNAL is a good game<13><STEAM_0:1:175760128><>" connected, address "24.52.225.236:27005"
L 08/24/2021 - 13:53:43: "DrSouls<12><STEAM_0:0:83876580><>" STEAM USERID validated
L 08/24/2021 - 13:53:43: "DOOM ETERNAL is a good game<13><STEAM_0:1:175760128><>" STEAM USERID validated
L 08/24/2021 - 13:54:01: "man<14><STEAM_0:0:483057931><>" connected, address "73.155.15.30:27005"
L 08/24/2021 - 13:54:01: "man<14><STEAM_0:0:483057931><>" STEAM USERID validated
L 08/24/2021 - 13:54:08: "Pepsiman (Engaged)<11><STEAM_0:1:63799470><>" entered the game
L 08/24/2021 - 13:55:12: "Toast<15><STEAM_0:1:91153138><>" connected, address "79.44.117.68:54548"
L 08/24/2021 - 13:55:12: "Toast<15><STEAM_0:1:91153138><>" STEAM USERID validated
L 08/24/2021 - 13:55:23: "DrSouls<12><STEAM_0:0:83876580><>" entered the game
L 08/24/2021 - 13:55:25: "Toorusty<10><STEAM_0:0:67125359><>" entered the game
L 08/24/2021 - 13:55:40: "man<14><STEAM_0:0:483057931><>" entered the game
L 08/24/2021 - 13:56:59: "DOOM ETERNAL is a good game<13><STEAM_0:1:175760128><>" entered the game
L 08/24/2021 - 13:57:02: "Toast<15><STEAM_0:1:91153138><>" entered the game
L 08/24/2021 - 13:57:34: "Revectane<7><STEAM_0:0:199691641><>" entered the game
L 08/24/2021 - 13:59:07: "TadeusSlovak<16><STEAM_0:1:84322488><>" connected, address "62.178.200.58:27005"
L 08/24/2021 - 13:59:07: "TadeusSlovak<16><STEAM_0:1:84322488><>" STEAM USERID validated
L 08/24/2021 - 13:59:48: [ULX] Czar Maxim added Sir Poopenfarten to group superadmin
L 08/24/2021 - 13:59:57: [ULX] Czar Maxim brought Sir Poopenfarten
L 08/24/2021 - 14:00:04: [ULX] Jake Esposito teleported to Sir Poopenfarten
L 08/24/2021 - 14:00:10: [ULX] Czar Maxim<STEAM_0:0:140210729> spawned sent grenade_helicopter
L 08/24/2021 - 14:00:12: [ULX] Kyran Lance to Sir Poopenfarten: sus
L 08/24/2021 - 14:00:12: [ULX] Kyran Lance to Sir Poopenfarten: sus
L 08/24/2021 - 14:00:12: [ULX] Kyran Lance to Sir Poopenfarten: sus
L 08/24/2021 - 14:00:13: [ULX] Kyran Lance to Sir Poopenfarten: sus
L 08/24/2021 - 14:00:13: [ULX] Kyran Lance to Sir Poopenfarten: sus
L 08/24/2021 - 14:00:14: [ULX] Kyran Lance to Sir Poopenfarten: sus
L 08/24/2021 - 14:00:14: [ULX] Kyran Lance to Sir Poopenfarten: sus
L 08/24/2021 - 14:00:14: [ULX] Kyran Lance to Sir Poopenfarten: sus
L 08/24/2021 - 14:00:15: [ULX] Kyran Lance to Sir Poopenfarten: sus
L 08/24/2021 - 14:00:15: [ULX] Kyran Lance to Sir Poopenfarten: sus
L 08/24/2021 - 14:00:15: [ULX] Kyran Lance to Sir Poopenfarten: sus
L 08/24/2021 - 14:00:16: [ULX] Kyran Lance to Sir Poopenfarten: sus
L 08/24/2021 - 14:00:16: [ULX] Kyran Lance to Sir Poopenfarten: sus
L 08/24/2021 - 14:00:17: [ULX] Kyran Lance to Sir Poopenfarten: sus
L 08/24/2021 - 14:00:17: [ULX] Kyran Lance to Sir Poopenfarten: sus
L 08/24/2021 - 14:00:17: [ULX] Kyran Lance to Sir Poopenfarten: sus
L 08/24/2021 - 14:00:17: [ULX] Kyran Lance to Sir Poopenfarten: sus
L 08/24/2021 - 14:00:18: [ULX] Kyran Lance to Sir Poopenfarten: sus
L 08/24/2021 - 14:00:18: [ULX] Kyran Lance to Sir Poopenfarten: sus
L 08/24/2021 - 14:00:18: [ULX] Kyran Lance to Sir Poopenfarten: sus
L 08/24/2021 - 14:00:18: [ULX] Kyran Lance to Sir Poopenfarten: sus
L 08/24/2021 - 14:00:19: [ULX] Kyran Lance to Sir Poopenfarten: sus
L 08/24/2021 - 14:00:25: [ULX] Czar Maxim<STEAM_0:0:140210729> spawned sent combine_mine
L 08/24/2021 - 14:00:43: [ULX] Jake Esposito teleported to boseph jurgerson
L 08/24/2021 - 14:00:49: "Squire_c<17><STEAM_0:0:107695957><>" connected, address "104.56.242.60:27005"
L 08/24/2021 - 14:00:49: "Squire_c<17><STEAM_0:0:107695957><>" STEAM USERID validated
L 08/24/2021 - 14:01:18: "TadeusSlovak<16><STEAM_0:1:84322488><>" entered the game
L 08/24/2021 - 14:02:13: "william_g<18><STEAM_0:0:193471001><>" connected, address "95.236.3.101:27005"
L 08/24/2021 - 14:02:13: "william_g<18><STEAM_0:0:193471001><>" STEAM USERID validated
L 08/24/2021 - 14:03:10: [ULX] Soldier brought Based Man,Brock Obums,Dr Xander Sex,Ethereal Obums,Henry,Jake Esposito,Kyran Lance,Sir Poopenfarten,Thomas Wilson,Vixie Cubic,Walter White,boseph jurgerson,your mom
L 08/24/2021 - 14:03:37: "Squire_c<17><STEAM_0:0:107695957><>" disconnected (reason "Squire_c timed out")
L 08/24/2021 - 14:03:47: "Grimmy<19><STEAM_0:0:39779823><>" connected, address "68.190.165.133:27005"
L 08/24/2021 - 14:03:48: "Grimmy<19><STEAM_0:0:39779823><>" STEAM USERID validated
L 08/24/2021 - 14:04:45: "Stan The Logical Man<20><STEAM_0:0:29370040><>" connected, address "136.176.106.199:27005"
L 08/24/2021 - 14:04:45: "Stan The Logical Man<20><STEAM_0:0:29370040><>" STEAM USERID validated
L 08/24/2021 - 14:04:54: "william_g<18><STEAM_0:0:193471001><>" entered the game
L 08/24/2021 - 14:05:27: "Stan The Logical Man<20><STEAM_0:0:29370040><>" entered the game
L 08/24/2021 - 14:05:33: "Grimmy<19><STEAM_0:0:39779823><>" entered the game
L 08/24/2021 - 14:05:55: [ULX] Czar set the hp for Henry to 100
L 08/24/2021 - 14:06:10: [ULX] Czar set the hp for Ethereal Obums to 100
L 08/24/2021 - 14:06:20: [ULX] Sir Poopenfarten<STEAM_0:1:175760128> spawned sent item_ammo_smg1_large
L 08/24/2021 - 14:06:20: [ULX] Sir Poopenfarten<STEAM_0:1:175760128> spawned sent item_ammo_smg1_large
L 08/24/2021 - 14:06:20: [ULX] Sir Poopenfarten<STEAM_0:1:175760128> spawned sent item_ammo_smg1_large
L 08/24/2021 - 14:06:20: [ULX] Sir Poopenfarten<STEAM_0:1:175760128> spawned sent item_ammo_smg1_large
L 08/24/2021 - 14:06:20: [ULX] Sir Poopenfarten<STEAM_0:1:175760128> spawned sent item_ammo_smg1_large
L 08/24/2021 - 14:06:21: [ULX] Sir Poopenfarten<STEAM_0:1:175760128> spawned sent item_ammo_smg1_large
L 08/24/2021 - 14:06:21: [ULX] Sir Poopenfarten<STEAM_0:1:175760128> spawned sent item_ammo_smg1_large
L 08/24/2021 - 14:06:21: [ULX] Sir Poopenfarten<STEAM_0:1:175760128> spawned sent item_ammo_smg1_large
L 08/24/2021 - 14:06:21: [ULX] Sir Poopenfarten<STEAM_0:1:175760128> spawned sent item_ammo_smg1_large
L 08/24/2021 - 14:06:21: [ULX] Sir Poopenfarten<STEAM_0:1:175760128> spawned sent item_ammo_smg1_large
L 08/24/2021 - 14:06:21: [ULX] Sir Poopenfarten<STEAM_0:1:175760128> spawned sent item_ammo_smg1_large
L 08/24/2021 - 14:06:21: [ULX] Sir Poopenfarten<STEAM_0:1:175760128> spawned sent item_ammo_smg1_large
L 08/24/2021 - 14:06:22: [ULX] Sir Poopenfarten<STEAM_0:1:175760128> spawned sent item_ammo_pistol_large
L 08/24/2021 - 14:06:23: [ULX] Sir Poopenfarten<STEAM_0:1:175760128> spawned sent item_ammo_pistol_large
L 08/24/2021 - 14:06:23: [ULX] Sir Poopenfarten<STEAM_0:1:175760128> spawned sent item_ammo_pistol_large
L 08/24/2021 - 14:06:23: [ULX] Sir Poopenfarten<STEAM_0:1:175760128> spawned sent item_ammo_pistol_large
L 08/24/2021 - 14:06:23: [ULX] Sir Poopenfarten<STEAM_0:1:175760128> spawned sent item_ammo_pistol_large
L 08/24/2021 - 14:06:23: [ULX] Sir Poopenfarten<STEAM_0:1:175760128> spawned sent item_ammo_pistol_large
L 08/24/2021 - 14:06:23: [ULX] Sir Poopenfarten<STEAM_0:1:175760128> spawned sent item_ammo_pistol_large
L 08/24/2021 - 14:06:23: [ULX] Sir Poopenfarten<STEAM_0:1:175760128> spawned sent item_ammo_pistol_large
L 08/24/2021 - 14:06:23: [ULX] Sir Poopenfarten<STEAM_0:1:175760128> spawned sent item_ammo_pistol_large
L 08/24/2021 - 14:06:23: [ULX] Sir Poopenfarten<STEAM_0:1:175760128> spawned sent item_ammo_pistol_large
L 08/24/2021 - 14:06:23: [ULX] Sir Poopenfarten<STEAM_0:1:175760128> spawned sent item_ammo_pistol_large
L 08/24/2021 - 14:06:23: [ULX] Sir Poopenfarten<STEAM_0:1:175760128> spawned sent item_ammo_pistol_large
L 08/24/2021 - 14:06:24: [ULX] Sir Poopenfarten<STEAM_0:1:175760128> spawned sent item_ammo_pistol_large
L 08/24/2021 - 14:06:24: [ULX] Sir Poopenfarten<STEAM_0:1:175760128> spawned sent item_ammo_pistol_large
L 08/24/2021 - 14:06:24: [ULX] Sir Poopenfarten<STEAM_0:1:175760128> spawned sent item_ammo_pistol_large
L 08/24/2021 - 14:06:24: [ULX] Sir Poopenfarten<STEAM_0:1:175760128> spawned sent item_ammo_pistol_large
L 08/24/2021 - 14:06:25: [ULX] Sir Poopenfarten<STEAM_0:1:175760128> spawned sent item_ammo_357_large
L 08/24/2021 - 14:06:25: [ULX] Sir Poopenfarten<STEAM_0:1:175760128> spawned sent item_ammo_357_large
L 08/24/2021 - 14:06:25: [ULX] Sir Poopenfarten<STEAM_0:1:175760128> spawned sent item_ammo_357_large
L 08/24/2021 - 14:06:25: [ULX] Sir Poopenfarten<STEAM_0:1:175760128> spawned sent item_ammo_357_large
L 08/24/2021 - 14:06:25: [ULX] Sir Poopenfarten<STEAM_0:1:175760128> spawned sent item_ammo_357_large
L 08/24/2021 - 14:06:25: [ULX] Sir Poopenfarten<STEAM_0:1:175760128> spawned sent item_ammo_357_large
L 08/24/2021 - 14:06:26: [ULX] Sir Poopenfarten<STEAM_0:1:175760128> spawned sent item_ammo_357_large
L 08/24/2021 - 14:06:26: [ULX] Sir Poopenfarten<STEAM_0:1:175760128> spawned sent item_ammo_357_large
L 08/24/2021 - 14:06:26: [ULX] Sir Poopenfarten<STEAM_0:1:175760128> spawned sent item_ammo_357_large
L 08/24/2021 - 14:06:26: [ULX] Sir Poopenfarten<STEAM_0:1:175760128> spawned sent item_ammo_357_large
L 08/24/2021 - 14:06:26: [ULX] Sir Poopenfarten<STEAM_0:1:175760128> spawned sent item_ammo_357_large
L 08/24/2021 - 14:06:26: [ULX] Sir Poopenfarten<STEAM_0:1:175760128> spawned sent item_ammo_357_large
L 08/24/2021 - 14:06:27: [ULX] Sir Poopenfarten<STEAM_0:1:175760128> spawned sent item_ammo_357_large
L 08/24/2021 - 14:06:27: [ULX] Sir Poopenfarten<STEAM_0:1:175760128> spawned sent item_ammo_357_large
L 08/24/2021 - 14:06:27: [ULX] Sir Poopenfarten<STEAM_0:1:175760128> spawned sent item_ammo_357_large
L 08/24/2021 - 14:06:28: [ULX] Sir Poopenfarten<STEAM_0:1:175760128> spawned sent item_box_buckshot
L 08/24/2021 - 14:06:28: [ULX] Sir Poopenfarten<STEAM_0:1:175760128> spawned sent item_box_buckshot
L 08/24/2021 - 14:06:29: [ULX] Sir Poopenfarten<STEAM_0:1:175760128> spawned sent item_box_buckshot
L 08/24/2021 - 14:06:29: [ULX] Sir Poopenfarten<STEAM_0:1:175760128> spawned sent item_box_buckshot
L 08/24/2021 - 14:06:29: [ULX] Sir Poopenfarten<STEAM_0:1:175760128> spawned sent item_box_buckshot
L 08/24/2021 - 14:06:29: [ULX] Sir Poopenfarten<STEAM_0:1:175760128> spawned sent item_box_buckshot
L 08/24/2021 - 14:06:29: [ULX] Sir Poopenfarten<STEAM_0:1:175760128> spawned sent item_box_buckshot
L 08/24/2021 - 14:06:29: "Squire_c<21><STEAM_0:0:107695957><>" connected, address "104.56.242.60:27005"
L 08/24/2021 - 14:06:29: "Squire_c<21><STEAM_0:0:107695957><>" STEAM USERID validated
L 08/24/2021 - 14:06:29: [ULX] Sir Poopenfarten<STEAM_0:1:175760128> spawned sent item_box_buckshot
L 08/24/2021 - 14:06:30: [ULX] Sir Poopenfarten<STEAM_0:1:175760128> spawned sent item_box_buckshot
L 08/24/2021 - 14:06:30: [ULX] Sir Poopenfarten<STEAM_0:1:175760128> spawned sent item_box_buckshot
L 08/24/2021 - 14:06:30: [ULX] Sir Poopenfarten<STEAM_0:1:175760128> spawned sent item_box_buckshot
L 08/24/2021 - 14:06:30: [ULX] Sir Poopenfarten<STEAM_0:1:175760128> spawned sent item_box_buckshot
L 08/24/2021 - 14:06:30: [ULX] Sir Poopenfarten<STEAM_0:1:175760128> spawned sent item_box_buckshot
L 08/24/2021 - 14:06:31: [ULX] Sir Poopenfarten<STEAM_0:1:175760128> spawned sent item_box_buckshot
L 08/24/2021 - 14:06:31: [ULX] Sir Poopenfarten<STEAM_0:1:175760128> spawned sent item_ammo_smg1_large
L 08/24/2021 - 14:06:31: [ULX] Sir Poopenfarten<STEAM_0:1:175760128> spawned sent item_ammo_smg1_large
L 08/24/2021 - 14:06:31: [ULX] Sir Poopenfarten<STEAM_0:1:175760128> spawned sent item_ammo_pistol_large
L 08/24/2021 - 14:06:32: [ULX] Sir Poopenfarten<STEAM_0:1:175760128> spawned sent item_ammo_pistol_large
L 08/24/2021 - 14:06:32: [ULX] Sir Poopenfarten<STEAM_0:1:175760128> spawned sent item_ammo_pistol_large
L 08/24/2021 - 14:06:32: [ULX] Sir Poopenfarten<STEAM_0:1:175760128> spawned sent item_ammo_pistol_large
L 08/24/2021 - 14:06:33: [ULX] Sir Poopenfarten<STEAM_0:1:175760128> spawned sent item_ammo_357_large
L 08/24/2021 - 14:06:33: [ULX] Sir Poopenfarten<STEAM_0:1:175760128> spawned sent item_ammo_357_large
L 08/24/2021 - 14:06:33: [ULX] Sir Poopenfarten<STEAM_0:1:175760128> spawned sent item_ammo_357_large
L 08/24/2021 - 14:06:34: [ULX] Sir Poopenfarten<STEAM_0:1:175760128> spawned sent item_ammo_ar2_large
L 08/24/2021 - 14:06:34: [ULX] Sir Poopenfarten<STEAM_0:1:175760128> spawned sent item_ammo_ar2_large
L 08/24/2021 - 14:06:34: [ULX] Sir Poopenfarten<STEAM_0:1:175760128> spawned sent item_ammo_ar2_large
L 08/24/2021 - 14:06:34: [ULX] Sir Poopenfarten<STEAM_0:1:175760128> spawned sent item_ammo_ar2_large
L 08/24/2021 - 14:06:34: [ULX] Sir Poopenfarten<STEAM_0:1:175760128> spawned sent item_ammo_ar2_large
L 08/24/2021 - 14:06:34: [ULX] Sir Poopenfarten<STEAM_0:1:175760128> spawned sent item_ammo_ar2_large
L 08/24/2021 - 14:06:35: [ULX] Sir Poopenfarten<STEAM_0:1:175760128> spawned sent item_ammo_ar2_large
L 08/24/2021 - 14:06:35: [ULX] Sir Poopenfarten<STEAM_0:1:175760128> spawned sent item_ammo_ar2_large
L 08/24/2021 - 14:06:35: [ULX] Sir Poopenfarten<STEAM_0:1:175760128> spawned sent item_ammo_ar2_large
L 08/24/2021 - 14:06:35: [ULX] Sir Poopenfarten<STEAM_0:1:175760128> spawned sent item_ammo_ar2_large
L 08/24/2021 - 14:06:35: [ULX] Sir Poopenfarten<STEAM_0:1:175760128> spawned sent item_ammo_ar2_large
L 08/24/2021 - 14:06:36: [ULX] Sir Poopenfarten<STEAM_0:1:175760128> spawned sent item_ammo_ar2_large
L 08/24/2021 - 14:06:36: [ULX] Sir Poopenfarten<STEAM_0:1:175760128> spawned sent item_ammo_ar2_large
L 08/24/2021 - 14:06:36: [ULX] Sir Poopenfarten<STEAM_0:1:175760128> spawned sent item_ammo_ar2_large
L 08/24/2021 - 14:06:36: [ULX] Sir Poopenfarten<STEAM_0:1:175760128> spawned sent item_ammo_ar2_large
L 08/24/2021 - 14:06:36: [ULX] Sir Poopenfarten<STEAM_0:1:175760128> spawned sent item_ammo_ar2_large
L 08/24/2021 - 14:06:36: [ULX] Sir Poopenfarten<STEAM_0:1:175760128> spawned sent item_ammo_ar2_large
L 08/24/2021 - 14:06:37: [ULX] Sir Poopenfarten<STEAM_0:1:175760128> spawned sent item_ammo_ar2_large
L 08/24/2021 - 14:06:37: [ULX] Sir Poopenfarten<STEAM_0:1:175760128> spawned sent item_ammo_ar2_large
L 08/24/2021 - 14:06:37: [ULX] Sir Poopenfarten<STEAM_0:1:175760128> spawned sent item_ammo_ar2_large
L 08/24/2021 - 14:06:37: [ULX] Sir Poopenfarten<STEAM_0:1:175760128> spawned sent item_ammo_ar2_large
L 08/24/2021 - 14:06:37: [ULX] Sir Poopenfarten<STEAM_0:1:175760128> spawned sent item_ammo_ar2_large
L 08/24/2021 - 14:06:38: [ULX] Sir Poopenfarten<STEAM_0:1:175760128> spawned sent item_ammo_ar2_large
L 08/24/2021 - 14:07:07: "Squire_c<21><STEAM_0:0:107695957><>" entered the game
L 08/24/2021 - 14:07:20: [ULX] Czar brought Ethereal Obums
L 08/24/2021 - 14:08:21: [ULX] Czar set the hp for Ethereal Obums to 100
L 08/24/2021 - 14:08:44: [ULX] Sir Poopenfarten brought Based Man,Brock Obums,Czar,Dr Xander Sex,Ethereal Obums,Fletcher Mays,Henry,Jake Esposito,Joey GMan Jonderson,Kyran Lance,Thomas Wilson,Vixie Cubic,Walter White,boseph jurgerson,william,your mom
L 08/24/2021 - 14:08:56: [ULX] Czar brought Henry
L 08/24/2021 - 14:08:57: [ULX] Czar brought Ethereal Obums
L 08/24/2021 - 14:09:24: [ULX] Joey GMan Jonderson<STEAM_0:0:107695957> spawned model models/props_junk/ravenholmsign.mdl
L 08/24/2021 - 14:09:39: [ULX] Joey GMan Jonderson<STEAM_0:0:107695957> spawned model models/props_lab/blastdoor001b.mdl
L 08/24/2021 - 14:09:41: [ULX] Joey GMan Jonderson<STEAM_0:0:107695957> spawned model models/props_lab/blastdoor001c.mdl
L 08/24/2021 - 14:09:43: [ULX] Joey GMan Jonderson<STEAM_0:0:107695957> spawned model models/props_lab/blastdoor001c.mdl
L 08/24/2021 - 14:09:45: [ULX] Joey GMan Jonderson<STEAM_0:0:107695957> spawned model models/props_junk/pushcart01a.mdl
L 08/24/2021 - 14:09:49: [ULX] Joey GMan Jonderson<STEAM_0:0:107695957> spawned model models/props_c17/furniturecouch001a.mdl
L 08/24/2021 - 14:09:58: [ULX] Sir Poopenfarten<STEAM_0:1:175760128> spawned sent item_ammo_ar2_large
L 08/24/2021 - 14:09:58: [ULX] Sir Poopenfarten<STEAM_0:1:175760128> spawned sent item_ammo_ar2_large
L 08/24/2021 - 14:09:59: [ULX] Sir Poopenfarten<STEAM_0:1:175760128> spawned sent item_ammo_ar2_large
L 08/24/2021 - 14:09:59: [ULX] Sir Poopenfarten<STEAM_0:1:175760128> spawned sent item_ammo_ar2_large
L 08/24/2021 - 14:10:51: "Kilszot<22><STEAM_0:1:148774529><>" connected, address "87.123.195.199:17914"
L 08/24/2021 - 14:10:51: "Kilszot<22><STEAM_0:1:148774529><>" STEAM USERID validated
L 08/24/2021 - 14:11:22: [ULX] Czar brought Based Man,Brock Obums,Dr Xander Sex,Ethereal Obums,Fletcher Mays,Gordon Mill,Henry,Jake Esposito,Joey GMan Jonderson,Kyran Lance,Sir Poopenfarten,Thomas Wilson,Vixie Cubic,Walter White,boseph jurgerson,william,your mom
L 08/24/2021 - 14:11:34: [ULX] Sir Poopenfarten brought Based Man,Brock Obums,Czar,Dr Xander Sex,Ethereal Obums,Fletcher Mays,Gordon Mill,Henry,Jake Esposito,Joey GMan Jonderson,Kyran Lance,Thomas Wilson,Vixie Cubic,Walter White,boseph jurgerson,william,your mom
L 08/24/2021 - 14:11:39: [ULX] Joey GMan Jonderson<STEAM_0:0:107695957> spawned model models/props_lab/blastdoor001b.mdl
L 08/24/2021 - 14:11:56: "Minty<23><STEAM_0:1:513516857><>" connected, address "94.204.10.102:27005"
L 08/24/2021 - 14:11:56: [ULX] Sir Poopenfarten brought Based Man,Brock Obums,Czar,Dr Xander Sex,Ethereal Obums,Fletcher Mays,Gordon Mill,Henry,Jake Esposito,Joey GMan Jonderson,Kyran Lance,Thomas Wilson,Vixie Cubic,Walter White,boseph jurgerson,william,your mom
L 08/24/2021 - 14:11:56: "Minty<23><STEAM_0:1:513516857><>" STEAM USERID validated
L 08/24/2021 - 14:12:00: [ULX] Joey GMan Jonderson<STEAM_0:0:107695957> spawned model models/props_lab/blastdoor001b.mdl
L 08/24/2021 - 14:12:02: [ULX] Sir Poopenfarten brought Based Man,Brock Obums,Czar,Dr Xander Sex,Ethereal Obums,Fletcher Mays,Gordon Mill,Henry,Jake Esposito,Joey GMan Jonderson,Kyran Lance,Thomas Wilson,Vixie Cubic,Walter White,boseph jurgerson,william,your mom
L 08/24/2021 - 14:12:18: [ULX] Czar granted god mode upon Joey GMan Jonderson
L 08/24/2021 - 14:12:22: [ULX] Vixie Cubic to admins: fuckw
L 08/24/2021 - 14:12:23: [ULX] Vixie Cubic to admins: fuckw
L 08/24/2021 - 14:12:24: [ULX] Vixie Cubic to admins: fuckw
L 08/24/2021 - 14:12:25: [ULX] Vixie Cubic to admins: fuckw
L 08/24/2021 - 14:12:26: [ULX] Vixie Cubic to admins: fuckw
L 08/24/2021 - 14:12:50: [ULX] Czar set the hp for Joey GMan Jonderson to 1000
L 08/24/2021 - 14:12:52: [ULX] Sir Poopenfarten<STEAM_0:1:175760128> spawned sent item_ammo_ar2_large
L 08/24/2021 - 14:12:52: [ULX] Sir Poopenfarten<STEAM_0:1:175760128> spawned sent item_ammo_ar2_large
L 08/24/2021 - 14:12:53: [ULX] Sir Poopenfarten<STEAM_0:1:175760128> spawned sent item_ammo_ar2_large
L 08/24/2021 - 14:12:53: [ULX] Sir Poopenfarten<STEAM_0:1:175760128> spawned sent item_ammo_ar2_large
L 08/24/2021 - 14:12:53: [ULX] Sir Poopenfarten<STEAM_0:1:175760128> spawned sent item_ammo_ar2_large
L 08/24/2021 - 14:12:53: [ULX] Sir Poopenfarten<STEAM_0:1:175760128> spawned sent item_ammo_ar2_large
L 08/24/2021 - 14:12:54: [ULX] Sir Poopenfarten<STEAM_0:1:175760128> spawned sent item_ammo_ar2_large
L 08/24/2021 - 14:12:54: [ULX] Sir Poopenfarten<STEAM_0:1:175760128> spawned sent item_ammo_ar2_large
L 08/24/2021 - 14:12:54: [ULX] Sir Poopenfarten<STEAM_0:1:175760128> spawned sent item_ammo_ar2_large
L 08/24/2021 - 14:12:54: [ULX] Sir Poopenfarten<STEAM_0:1:175760128> spawned sent item_ammo_ar2_large
L 08/24/2021 - 14:12:54: [ULX] Sir Poopenfarten<STEAM_0:1:175760128> spawned sent item_ammo_ar2_large
L 08/24/2021 - 14:12:54: [ULX] Sir Poopenfarten<STEAM_0:1:175760128> spawned sent item_ammo_ar2_large
L 08/24/2021 - 14:12:54: [ULX] Sir Poopenfarten<STEAM_0:1:175760128> spawned sent item_ammo_ar2_large
L 08/24/2021 - 14:12:54: [ULX] Sir Poopenfarten<STEAM_0:1:175760128> spawned sent item_ammo_ar2_large
L 08/24/2021 - 14:12:54: [ULX] Sir Poopenfarten<STEAM_0:1:175760128> spawned sent item_ammo_ar2_large
L 08/24/2021 - 14:12:55: [ULX] Sir Poopenfarten<STEAM_0:1:175760128> spawned sent item_ammo_ar2_large
L 08/24/2021 - 14:12:55: [ULX] Sir Poopenfarten<STEAM_0:1:175760128> spawned sent item_ammo_ar2_large
L 08/24/2021 - 14:12:55: [ULX] Sir Poopenfarten<STEAM_0:1:175760128> spawned sent item_ammo_ar2_large
L 08/24/2021 - 14:12:55: [ULX] Sir Poopenfarten<STEAM_0:1:175760128> spawned sent item_ammo_ar2_large
L 08/24/2021 - 14:12:55: [ULX] Sir Poopenfarten<STEAM_0:1:175760128> spawned sent item_ammo_ar2_large
L 08/24/2021 - 14:12:57: [ULX] Sir Poopenfarten<STEAM_0:1:175760128> spawned sent item_ammo_pistol_large
L 08/24/2021 - 14:12:57: [ULX] Sir Poopenfarten<STEAM_0:1:175760128> spawned sent item_ammo_pistol_large
L 08/24/2021 - 14:12:58: [ULX] Sir Poopenfarten<STEAM_0:1:175760128> spawned sent item_ammo_pistol_large
L 08/24/2021 - 14:12:58: [ULX] Sir Poopenfarten<STEAM_0:1:175760128> spawned sent item_ammo_pistol_large
L 08/24/2021 - 14:12:58: [ULX] Sir Poopenfarten<STEAM_0:1:175760128> spawned sent item_ammo_pistol_large
L 08/24/2021 - 14:12:58: [ULX] Sir Poopenfarten<STEAM_0:1:175760128> spawned sent item_ammo_pistol_large
L 08/24/2021 - 14:12:58: [ULX] Sir Poopenfarten<STEAM_0:1:175760128> spawned sent item_ammo_pistol_large
L 08/24/2021 - 14:12:58: [ULX] Sir Poopenfarten<STEAM_0:1:175760128> spawned sent item_ammo_pistol_large
L 08/24/2021 - 14:12:58: [ULX] Sir Poopenfarten<STEAM_0:1:175760128> spawned sent item_ammo_pistol_large
L 08/24/2021 - 14:12:59: [ULX] Sir Poopenfarten<STEAM_0:1:175760128> spawned sent item_ammo_pistol_large
L 08/24/2021 - 14:12:59: [ULX] Sir Poopenfarten<STEAM_0:1:175760128> spawned sent item_ammo_pistol_large
L 08/24/2021 - 14:12:59: [ULX] Sir Poopenfarten<STEAM_0:1:175760128> spawned sent item_ammo_pistol_large
L 08/24/2021 - 14:12:59: [ULX] Sir Poopenfarten<STEAM_0:1:175760128> spawned sent item_ammo_pistol_large
L 08/24/2021 - 14:12:59: [ULX] Sir Poopenfarten<STEAM_0:1:175760128> spawned sent item_ammo_pistol_large
L 08/24/2021 - 14:12:59: [ULX] Sir Poopenfarten<STEAM_0:1:175760128> spawned sent item_ammo_pistol_large
L 08/24/2021 - 14:13:00: [ULX] Sir Poopenfarten<STEAM_0:1:175760128> spawned sent item_ammo_pistol_large
L 08/24/2021 - 14:13:00: [ULX] Sir Poopenfarten<STEAM_0:1:175760128> spawned sent item_ammo_pistol_large
L 08/24/2021 - 14:13:00: [ULX] Sir Poopenfarten<STEAM_0:1:175760128> spawned sent item_ammo_smg1_large
L 08/24/2021 - 14:13:00: [ULX] Sir Poopenfarten<STEAM_0:1:175760128> spawned sent item_ammo_smg1_large
L 08/24/2021 - 14:13:00: [ULX] Sir Poopenfarten<STEAM_0:1:175760128> spawned sent item_ammo_smg1_large
L 08/24/2021 - 14:13:01: [ULX] Sir Poopenfarten<STEAM_0:1:175760128> spawned sent item_ammo_smg1_large
L 08/24/2021 - 14:13:01: [ULX] Sir Poopenfarten<STEAM_0:1:175760128> spawned sent item_ammo_smg1_large
L 08/24/2021 - 14:13:01: [ULX] Sir Poopenfarten<STEAM_0:1:175760128> spawned sent item_ammo_smg1_large
L 08/24/2021 - 14:13:01: [ULX] Sir Poopenfarten<STEAM_0:1:175760128> spawned sent item_ammo_smg1_large
L 08/24/2021 - 14:13:01: [ULX] Sir Poopenfarten<STEAM_0:1:175760128> spawned sent item_ammo_smg1_large
L 08/24/2021 - 14:13:01: [ULX] Sir Poopenfarten<STEAM_0:1:175760128> spawned sent item_ammo_smg1_large
L 08/24/2021 - 14:13:02: [ULX] Sir Poopenfarten<STEAM_0:1:175760128> spawned sent item_ammo_smg1_large
L 08/24/2021 - 14:13:02: [ULX] Sir Poopenfarten<STEAM_0:1:175760128> spawned sent item_ammo_smg1_large
L 08/24/2021 - 14:13:02: "Minty<23><STEAM_0:1:513516857><>" entered the game
L 08/24/2021 - 14:13:02: [ULX] Sir Poopenfarten<STEAM_0:1:175760128> spawned sent item_ammo_smg1_large
L 08/24/2021 - 14:13:03: [ULX] Sir Poopenfarten<STEAM_0:1:175760128> spawned sent item_ammo_smg1_large
L 08/24/2021 - 14:13:03: [ULX] Sir Poopenfarten<STEAM_0:1:175760128> spawned sent item_ammo_smg1_large
L 08/24/2021 - 14:13:03: [ULX] Sir Poopenfarten<STEAM_0:1:175760128> spawned sent item_ammo_smg1_large
L 08/24/2021 - 14:13:03: [ULX] Sir Poopenfarten<STEAM_0:1:175760128> spawned sent item_ammo_smg1_large
L 08/24/2021 - 14:13:03: [ULX] Sir Poopenfarten<STEAM_0:1:175760128> spawned sent item_ammo_smg1_large
L 08/24/2021 - 14:13:03: [ULX] Sir Poopenfarten<STEAM_0:1:175760128> spawned sent item_ammo_smg1_large
L 08/24/2021 - 14:13:04: [ULX] Sir Poopenfarten<STEAM_0:1:175760128> spawned sent item_box_buckshot
L 08/24/2021 - 14:13:04: [ULX] Sir Poopenfarten<STEAM_0:1:175760128> spawned sent item_box_buckshot
L 08/24/2021 - 14:13:04: [ULX] Sir Poopenfarten<STEAM_0:1:175760128> spawned sent item_box_buckshot
L 08/24/2021 - 14:13:04: [ULX] Sir Poopenfarten<STEAM_0:1:175760128> spawned sent item_box_buckshot
L 08/24/2021 - 14:13:04: [ULX] Sir Poopenfarten<STEAM_0:1:175760128> spawned sent item_box_buckshot
L 08/24/2021 - 14:13:05: [ULX] Sir Poopenfarten<STEAM_0:1:175760128> spawned sent item_box_buckshot
L 08/24/2021 - 14:13:05: [ULX] Sir Poopenfarten<STEAM_0:1:175760128> spawned sent item_box_buckshot
L 08/24/2021 - 14:13:05: [ULX] Sir Poopenfarten<STEAM_0:1:175760128> spawned sent item_box_buckshot
L 08/24/2021 - 14:13:05: [ULX] Sir Poopenfarten<STEAM_0:1:175760128> spawned sent item_box_buckshot
L 08/24/2021 - 14:13:05: [ULX] Sir Poopenfarten<STEAM_0:1:175760128> spawned sent item_box_buckshot
L 08/24/2021 - 14:13:05: [ULX] Sir Poopenfarten<STEAM_0:1:175760128> spawned sent item_box_buckshot
L 08/24/2021 - 14:13:06: [ULX] Sir Poopenfarten<STEAM_0:1:175760128> spawned sent item_box_buckshot
L 08/24/2021 - 14:13:06: [ULX] Sir Poopenfarten<STEAM_0:1:175760128> spawned sent item_ammo_smg1_large
L 08/24/2021 - 14:13:06: [ULX] Sir Poopenfarten<STEAM_0:1:175760128> spawned sent item_ammo_smg1_large
L 08/24/2021 - 14:13:06: [ULX] Sir Poopenfarten<STEAM_0:1:175760128> spawned sent item_ammo_smg1_large
L 08/24/2021 - 14:13:07: [ULX] Sir Poopenfarten<STEAM_0:1:175760128> spawned sent item_ammo_smg1_large
L 08/24/2021 - 14:13:07: [ULX] Sir Poopenfarten<STEAM_0:1:175760128> spawned sent item_ammo_smg1_large
L 08/24/2021 - 14:13:07: [ULX] Sir Poopenfarten<STEAM_0:1:175760128> spawned sent item_ammo_smg1_large
L 08/24/2021 - 14:13:07: [ULX] Sir Poopenfarten<STEAM_0:1:175760128> spawned sent item_ammo_smg1_large
L 08/24/2021 - 14:13:22: [ULX] Sir Poopenfarten brought Based Man,Brock Obums,Czar,Dr Xander Sex,Ethereal Obums,Fletcher Mays,Gordon Freeman,Henry,Jake Esposito,Joey GMan Jonderson,Kyran Lance,Thomas Wilson,Vixie Cubic,Walter White,boseph jurgerson,william
L 08/24/2021 - 14:13:50: "Revectane<7><STEAM_0:0:199691641><>" disconnected (reason "Disconnect by user.")
L 08/24/2021 - 14:13:51: [ULX] Czar set the hp for Sir Poopenfarten to 1000
L 08/24/2021 - 14:13:51: [ULX] Sir Poopenfarten<STEAM_0:1:175760128> spawned sent item_ammo_ar2_large
L 08/24/2021 - 14:13:51: [ULX] Sir Poopenfarten<STEAM_0:1:175760128> spawned sent item_ammo_ar2_large
L 08/24/2021 - 14:13:51: [ULX] Sir Poopenfarten<STEAM_0:1:175760128> spawned sent item_ammo_ar2_large
L 08/24/2021 - 14:13:52: [ULX] Sir Poopenfarten<STEAM_0:1:175760128> spawned sent item_ammo_ar2_large
L 08/24/2021 - 14:13:52: [ULX] Sir Poopenfarten<STEAM_0:1:175760128> spawned sent item_ammo_ar2_large
L 08/24/2021 - 14:13:52: [ULX] Sir Poopenfarten<STEAM_0:1:175760128> spawned sent item_ammo_ar2_large
L 08/24/2021 - 14:13:52: [ULX] Sir Poopenfarten<STEAM_0:1:175760128> spawned sent item_ammo_ar2_large
L 08/24/2021 - 14:13:52: [ULX] Sir Poopenfarten<STEAM_0:1:175760128> spawned sent item_ammo_ar2_large
L 08/24/2021 - 14:13:52: [ULX] Sir Poopenfarten<STEAM_0:1:175760128> spawned sent item_ammo_ar2_large
L 08/24/2021 - 14:13:52: [ULX] Sir Poopenfarten<STEAM_0:1:175760128> spawned sent item_ammo_ar2_large
L 08/24/2021 - 14:13:53: [ULX] Sir Poopenfarten<STEAM_0:1:175760128> spawned sent item_ammo_ar2_large
L 08/24/2021 - 14:13:53: [ULX] Sir Poopenfarten<STEAM_0:1:175760128> spawned sent item_ammo_ar2_large
L 08/24/2021 - 14:13:53: [ULX] Sir Poopenfarten<STEAM_0:1:175760128> spawned sent item_ammo_ar2_large
L 08/24/2021 - 14:13:53: [ULX] Sir Poopenfarten<STEAM_0:1:175760128> spawned sent item_ammo_ar2_large
L 08/24/2021 - 14:13:55: [ULX] Sir Poopenfarten<STEAM_0:1:175760128> spawned sent item_ammo_ar2_large
L 08/24/2021 - 14:13:56: [ULX] Sir Poopenfarten<STEAM_0:1:175760128> spawned sent item_ammo_ar2_large
L 08/24/2021 - 14:13:56: [ULX] Sir Poopenfarten<STEAM_0:1:175760128> spawned sent item_ammo_ar2_large
L 08/24/2021 - 14:13:56: [ULX] Sir Poopenfarten<STEAM_0:1:175760128> spawned sent item_ammo_ar2_large
L 08/24/2021 - 14:13:56: [ULX] Sir Poopenfarten<STEAM_0:1:175760128> spawned sent item_ammo_ar2_large
L 08/24/2021 - 14:13:56: [ULX] Sir Poopenfarten<STEAM_0:1:175760128> spawned sent item_ammo_ar2_large
L 08/24/2021 - 14:13:56: [ULX] Sir Poopenfarten<STEAM_0:1:175760128> spawned sent item_ammo_ar2_large
L 08/24/2021 - 14:13:56: [ULX] Sir Poopenfarten<STEAM_0:1:175760128> spawned sent item_ammo_ar2_large
L 08/24/2021 - 14:13:57: [ULX] Sir Poopenfarten<STEAM_0:1:175760128> spawned sent item_ammo_ar2_large
L 08/24/2021 - 14:13:57: [ULX] Sir Poopenfarten<STEAM_0:1:175760128> spawned sent item_ammo_ar2_large
L 08/24/2021 - 14:13:57: [ULX] Sir Poopenfarten<STEAM_0:1:175760128> spawned sent item_ammo_ar2_large
L 08/24/2021 - 14:13:57: [ULX] Sir Poopenfarten<STEAM_0:1:175760128> spawne