L 08/20/2021 - 04:32:38: Log file started (file "logs\L0820006.log") (game "C:\Users\monst\Desktop\HL2Server\garrysmod") (version "8283")
L 08/20/2021 - 04:32:38: Loading map "rp_city17_district47"
L 08/20/2021 - 04:32:38: server cvars start
L 08/20/2021 - 04:32:38: "ttt_namechange_bantime" = "10"
L 08/20/2021 - 04:32:38: "ttt_namechange_kick" = "1"
L 08/20/2021 - 04:32:38: "ttt_ragdoll_pinning_innocents" = "0"
L 08/20/2021 - 04:32:38: "ttt_ragdoll_pinning" = "1"
L 08/20/2021 - 04:32:38: "ttt_teleport_telefrags" = "1"
L 08/20/2021 - 04:32:38: "ttt_no_nade_throw_during_prep" = "1"
L 08/20/2021 - 04:32:38: "ttt_allow_discomb_jump" = "0"
L 08/20/2021 - 04:32:38: "ttt_detective_hats" = "1"
L 08/20/2021 - 04:32:38: "ttt_detective_karma_min" = "600"
L 08/20/2021 - 04:32:38: "ttt_detective_min_players" = "8"
L 08/20/2021 - 04:32:38: "ttt_det_credits_starting" = "1"
L 08/20/2021 - 04:32:38: "ttt_detective_pct" = "0.125000"
L 08/20/2021 - 04:32:38: "ttt_detective_max" = "32"
L 08/20/2021 - 04:32:38: "ttt_credits_starting" = "2"
L 08/20/2021 - 04:32:38: "ttt_traitor_pct" = "0.250000"
L 08/20/2021 - 04:32:38: "ttt_traitor_max" = "32"
L 08/20/2021 - 04:32:38: "ttt_postround_dm" = "0"
L 08/20/2021 - 04:32:38: "ttt_haste_minutes_per_death" = "0.500000"
L 08/20/2021 - 04:32:38: "ttt_haste_starting_minutes" = "5"
L 08/20/2021 - 04:32:38: "ttt_roundtime_minutes" = "10"
L 08/20/2021 - 04:32:38: "ttt_round_limit" = "6"
L 08/20/2021 - 04:32:38: "ttt_posttime_seconds" = "30"
L 08/20/2021 - 04:32:38: "ttt_preptime_seconds" = "30"
L 08/20/2021 - 04:32:38: "ttt_firstpreptime" = "60"
L 08/20/2021 - 04:32:38: "ttt_time_limit_minutes" = "75"
L 08/20/2021 - 04:32:38: "ttt_haste" = "1"
L 08/20/2021 - 04:32:38: "ttt_debug_preventwin" = "0"
L 08/20/2021 - 04:32:38: "sbox_persist" = "ix_ixhl2rp"
L 08/20/2021 - 04:32:38: "sbox_bonemanip_misc" = "0"
L 08/20/2021 - 04:32:38: "sbox_bonemanip_player" = "0"
L 08/20/2021 - 04:32:38: "sbox_bonemanip_npc" = "1"
L 08/20/2021 - 04:32:38: "sbox_noclip" = "0"
L 08/20/2021 - 04:32:38: "sbox_maxemitters" = "0"
L 08/20/2021 - 04:32:38: "sbox_maxbuttons" = "0"
L 08/20/2021 - 04:32:38: "sbox_maxhoverballs" = "0"
L 08/20/2021 - 04:32:38: "sbox_maxthrusters" = "0"
L 08/20/2021 - 04:32:38: "sbox_maxwheels" = "0"
L 08/20/2021 - 04:32:38: "sbox_maxlights" = "5"
L 08/20/2021 - 04:32:38: "sbox_maxlamps" = "0"
L 08/20/2021 - 04:32:38: "sbox_maxdynamite" = "0"
L 08/20/2021 - 04:32:38: "sbox_maxsents" = "100"
L 08/20/2021 - 04:32:38: "sbox_maxnpcs" = "0"
L 08/20/2021 - 04:32:38: "sbox_maxcameras" = "10"
L 08/20/2021 - 04:32:38: "sbox_maxballoons" = "0"
L 08/20/2021 - 04:32:38: "sbox_maxeffects" = "0"
L 08/20/2021 - 04:32:38: "sbox_maxvehicles" = "0"
L 08/20/2021 - 04:32:38: "sbox_maxragdolls" = "0"
L 08/20/2021 - 04:32:38: "sbox_maxprops" = "150"
L 08/20/2021 - 04:32:38: "sbox_playershurtplayers" = "1"
L 08/20/2021 - 04:32:38: "sbox_godmode" = "0"
L 08/20/2021 - 04:32:38: "sbox_weapons" = "1"
L 08/20/2021 - 04:32:38: "physgun_limited" = "0"
L 08/20/2021 - 04:32:38: "sv_allowcslua" = "0"
L 08/20/2021 - 04:32:38: "physgun_maxrange" = "4096"
L 08/20/2021 - 04:32:38: "ai_disabled" = "0"
L 08/20/2021 - 04:32:38: "ai_ignoreplayers" = "0"
L 08/20/2021 - 04:32:38: "mp_teamplay" = "0"
L 08/20/2021 - 04:32:38: "mp_falldamage" = "0"
L 08/20/2021 - 04:32:38: "mp_weaponstay" = "0"
L 08/20/2021 - 04:32:38: "mp_forcerespawn" = "1"
L 08/20/2021 - 04:32:38: "mp_footsteps" = "1"
L 08/20/2021 - 04:32:38: "mp_flashlight" = "1"
L 08/20/2021 - 04:32:38: "mp_autocrosshair" = "1"
L 08/20/2021 - 04:32:38: "decalfrequency" = "10"
L 08/20/2021 - 04:32:38: "mp_teamlist" = "hgrunt;scientist"
L 08/20/2021 - 04:32:38: "mp_allowNPCs" = "1"
L 08/20/2021 - 04:32:38: "mp_friendlyfire" = "0"
L 08/20/2021 - 04:32:38: "mp_fadetoblack" = "0"
L 08/20/2021 - 04:32:38: "sv_gravity" = "600"
L 08/20/2021 - 04:32:38: "sv_stopspeed" = "10"
L 08/20/2021 - 04:32:38: "sv_noclipaccelerate" = "5"
L 08/20/2021 - 04:32:38: "sv_noclipspeed" = "5"
L 08/20/2021 - 04:32:38: "sv_specaccelerate" = "5"
L 08/20/2021 - 04:32:38: "sv_specspeed" = "3"
L 08/20/2021 - 04:32:38: "sv_specnoclip" = "1"
L 08/20/2021 - 04:32:38: "sv_maxspeed" = "10000"
L 08/20/2021 - 04:32:38: "sv_accelerate" = "10"
L 08/20/2021 - 04:32:38: "sv_airaccelerate" = "10"
L 08/20/2021 - 04:32:38: "sv_wateraccelerate" = "10"
L 08/20/2021 - 04:32:38: "sv_waterfriction" = "1"
L 08/20/2021 - 04:32:38: "sv_footsteps" = "1"
L 08/20/2021 - 04:32:38: "sv_rollspeed" = "200"
L 08/20/2021 - 04:32:38: "sv_rollangle" = "0"
L 08/20/2021 - 04:32:38: "sv_friction" = "8"
L 08/20/2021 - 04:32:38: "sv_bounce" = "0"
L 08/20/2021 - 04:32:38: "sv_stepsize" = "18"
L 08/20/2021 - 04:32:38: "r_VehicleViewDampen" = "0"
L 08/20/2021 - 04:32:38: "r_JeepViewDampenFreq" = "7.0"
L 08/20/2021 - 04:32:38: "r_JeepViewDampenDamp" = "1.0"
L 08/20/2021 - 04:32:38: "r_JeepViewZHeight" = "10.0"
L 08/20/2021 - 04:32:38: "r_AirboatViewDampenFreq" = "7.0"
L 08/20/2021 - 04:32:38: "r_AirboatViewDampenDamp" = "1.0"
L 08/20/2021 - 04:32:38: "r_AirboatViewZHeight" = "0.0"
L 08/20/2021 - 04:32:38: "mp_timelimit" = "0"
L 08/20/2021 - 04:32:38: "mp_fraglimit" = "0"
L 08/20/2021 - 04:32:38: "nextlevel" = ""
L 08/20/2021 - 04:32:38: "sv_maxusrcmdprocessticks" = "24"
L 08/20/2021 - 04:32:38: "sv_alltalk" = "0"
L 08/20/2021 - 04:32:38: "sv_hl2mp_weapon_respawn_time" = "20"
L 08/20/2021 - 04:32:38: "sv_hl2mp_item_respawn_time" = "30"
L 08/20/2021 - 04:32:38: "sv_report_client_settings" = "0"
L 08/20/2021 - 04:32:38: "sv_cheats" = "0"
L 08/20/2021 - 04:32:38: "sv_pausable" = "0"
L 08/20/2021 - 04:32:38: "sv_contact" = ""
L 08/20/2021 - 04:32:38: "sv_voiceenable" = "1"
L 08/20/2021 - 04:32:38: "tv_enable" = "0"
L 08/20/2021 - 04:32:38: "sv_steamgroup" = ""
L 08/20/2021 - 04:32:38: "sv_password" = ""
L 08/20/2021 - 04:32:38: "tv_relaypassword" = ""
L 08/20/2021 - 04:32:38: "tv_password" = ""
L 08/20/2021 - 04:32:38: "deathmatch" = "1"
L 08/20/2021 - 04:32:38: "coop" = "0"
L 08/20/2021 - 04:32:38: server cvars end
L 08/20/2021 - 04:32:49: Started map "rp_city17_district47" (CRC "6b32a7118d07200cd4b0ed1c33e012bd")
L 08/20/2021 - 04:32:50: server_cvar: "sf_min_temp" "1.340000"
L 08/20/2021 - 04:32:50: server_cvar: "sf_max_temp" "21.920000"
L 08/20/2021 - 04:32:50: server_cvar: "sf_addnight_temp" "-4"
L 08/20/2021 - 04:32:50: server_cvar: "sf_windmove_props_break" "0"
L 08/20/2021 - 04:32:50: server_cvar: "sf_windmove_props_unweld" "0"
L 08/20/2021 - 04:32:50: server_cvar: "sf_windmove_props_unfreeze" "0"
L 08/20/2021 - 04:32:50: server_cvar: "sf_windmove_props_max" "20"
L 08/20/2021 - 04:32:51: server_cvar: "sf_random_round_weather" "0"
L 08/20/2021 - 04:32:51: server_cvar: "sf_sunyaw" "80"
L 08/20/2021 - 04:32:51: server_cvar: "sf_hide_forecast" "1"
L 08/20/2021 - 04:32:52: Executing dedicated server config file server.cfg
L 08/20/2021 - 04:32:53: Log file closed.
