L 08/20/2021 - 15:20:44: Log file started (file "logs\L0820013.log") (game "C:\Users\monst\Desktop\HL2Server\garrysmod") (version "8283")
L 08/20/2021 - 15:20:44: server_cvar: "sbox_noclip" "0"
L 08/20/2021 - 15:20:44: server_cvar: "sbox_maxprops" "150"
L 08/20/2021 - 15:20:44: server_cvar: "sbox_maxragdolls" "0"
L 08/20/2021 - 15:20:44: server_cvar: "sbox_maxnpcs" "0"
L 08/20/2021 - 15:20:44: server_cvar: "sbox_maxballoons" "0"
L 08/20/2021 - 15:20:44: server_cvar: "sbox_maxeffects" "0"
L 08/20/2021 - 15:20:44: server_cvar: "sbox_maxdynamite" "0"
L 08/20/2021 - 15:20:44: server_cvar: "sbox_maxlamps" "0"
L 08/20/2021 - 15:20:44: server_cvar: "sbox_maxthrusters" "0"
L 08/20/2021 - 15:20:44: server_cvar: "sbox_maxwheels" "0"
L 08/20/2021 - 15:20:44: server_cvar: "sbox_maxhoverballs" "0"
L 08/20/2021 - 15:20:44: server_cvar: "sbox_maxvehicles" "0"
L 08/20/2021 - 15:20:44: server_cvar: "sbox_maxbuttons" "0"
L 08/20/2021 - 15:20:44: server_cvar: "sbox_maxemitters" "0"
L 08/20/2021 - 15:20:45: Connection to Steam servers successful.
L 08/20/2021 - 15:20:45:    Public IP is 75.157.60.132.
L 08/20/2021 - 15:20:45: Assigned anonymous gameserver Steam ID [A-1:2548383755(18281)].
L 08/20/2021 - 15:20:45: VAC secure mode is activated.
L 08/20/2021 - 15:20:52: "Killa<2><STEAM_0:1:453190048><>" connected, address "2.124.240.175:27005"
L 08/20/2021 - 15:20:52: "Killa<2><STEAM_0:1:453190048><>" STEAM USERID validated
L 08/20/2021 - 15:20:52: "Killa<2><STEAM_0:1:453190048><>" disconnected (reason "Disconnect by user.")
L 08/20/2021 - 15:21:07: "Killa<3><STEAM_0:1:453190048><>" connected, address "2.124.240.175:27005"
L 08/20/2021 - 15:21:07: "Killa<3><STEAM_0:1:453190048><>" STEAM USERID validated
L 08/20/2021 - 15:21:13: "adsin15<4><STEAM_0:0:35761453><>" connected, address "68.118.235.7:27005"
L 08/20/2021 - 15:21:13: "adsin15<4><STEAM_0:0:35761453><>" STEAM USERID validated
L 08/20/2021 - 15:22:10: "Killa<3><STEAM_0:1:453190048><>" entered the game
L 08/20/2021 - 15:22:48: "adsin15<4><STEAM_0:0:35761453><>" entered the game
L 08/20/2021 - 15:25:50: "Tzar<5><STEAM_0:0:140210729><>" connected, address "192.168.1.71:27006"
L 08/20/2021 - 15:25:50: "Tzar<5><STEAM_0:0:140210729><>" STEAM USERID validated
L 08/20/2021 - 15:26:22: "Tzar<5><STEAM_0:0:140210729><>" entered the game
L 08/20/2021 - 15:28:48: [ULX] Czar Petrovich<STEAM_0:0:140210729> spawned sent item_healthkit
L 08/20/2021 - 15:28:49: [ULX] Czar Petrovich<STEAM_0:0:140210729> spawned sent item_healthkit
L 08/20/2021 - 15:28:51: [ULX] Czar Petrovich<STEAM_0:0:140210729> spawned sent item_healthkit
L 08/20/2021 - 15:28:51: [ULX] Czar Petrovich<STEAM_0:0:140210729> spawned sent item_healthkit
L 08/20/2021 - 15:33:22: "Tzar<5><STEAM_0:0:140210729><>" disconnected (reason "Disconnect by user.")
L 08/20/2021 - 15:33:27: "adsin15<4><STEAM_0:0:35761453><>" disconnected (reason "Server shutting down")
L 08/20/2021 - 15:33:27: "Killa<3><STEAM_0:1:453190048><>" disconnected (reason "Server shutting down")
L 08/20/2021 - 15:33:27: server_message: "quit"
L 08/20/2021 - 15:33:27: Log file closed.
