WS: Waiting for Steam to log us in......
WS: Fetching collection info...
Processing collection 2579826545...
   Collection 'Czars Castle IXHL2RP' (13 items)
   Retrieving item details...
   13 new addon(s)
WS: Finished!

WS: Processing 13 addons...
Processing addon 13: ULX (557962280)...
   Mounted!
Processing addon 12: ULib (557962238)...
   Mounted!
Processing addon 11: Rp_City17 - Build 210 (150899249)...
   Mounted!
Processing addon 10: PermaProps (220336312)...
   Mounted!
Processing addon 9: Romka's Combine Soldiers (2306939705)...
   Mounted!
Processing addon 8: Wiremod (160250458)...
   Mounted!
Processing addon 7: Metropolice Pack (104491619)...
   Mounted!
Processing addon 6: Enhanced Citizens v4 (677125227)...
   Mounted!
Processing addon 5: rp_city2_v4_final (648741981)...
   Mounted!
Processing addon 4: rp_city2_v4_final content (837571030)...
   Mounted!
Processing addon 3: Depot [HL2RP] (1735853546)...
   Mounted!
Processing addon 2: Half-Life 2 Beta Weapons Pack V2 (254077907)...
   Mounted!
Processing addon 1: Ultimate Workshop Downloader (2214712098)...
   Mounted!
WS: Finished!
Adding Filesystem Addon 'c:\brock-community\garrysmod\addons\aml'
Adding Filesystem Addon 'c:\brock-community\garrysmod\addons\enhanced-citizens-v4'
Adding Filesystem Addon 'c:\brock-community\garrysmod\addons\longsword'
Adding Filesystem Addon 'c:\brock-community\garrysmod\addons\longswordbetaweapons'
Adding Filesystem Addon 'c:\brock-community\garrysmod\addons\precision-tool'
Adding Filesystem Addon 'c:\brock-community\garrysmod\addons\serverguard'
Adding Filesystem Addon 'c:\brock-community\garrysmod\addons\serverguard-content'
Adding Filesystem Addon 'c:\brock-community\garrysmod\addons\unstuck'
Changing gamemode to HL2 RP (ixhl2rp)
Network: IP 192.168.1.2, mode MP, dedicated Yes, ports 27015 SV / 27005 CL
Error loading cfg/trusted_keys_base.txt
Error loading cfg/pure_server_minimal.txt
Extracting BSP to map.pack in order to mount BSP embedded content...
PREP OK
Couldn't write map.pack to mount embedded content!
KeyValues Error: RecursiveLoadFromBuffer:  got EOF instead of keyname in file materials/decals/decal_posters006b.vmt
LightmappedGeneric, 
KeyValues Error: RecursiveLoadFromBuffer:  got EOF instead of keyname in file materials/decals/decal_posters006b.vmt
LightmappedGeneric, 
KeyValues Error: RecursiveLoadFromBuffer:  got EOF instead of keyname in file materials/decals/decal_posters005b.vmt
LightmappedGeneric, 
KeyValues Error: RecursiveLoadFromBuffer:  got EOF instead of keyname in file materials/decals/decal_posters005b.vmt
LightmappedGeneric, 
MDLCache: Failed load of .VTX data for props_c17\Handrail03_Medium.mdl
MDLCache: Failed load of .VTX data for surgeon/tv01_regular.mdl
SOLID_VPHYSICS static prop with no vphysics model! (models/props_downtown/light02_32.mdl)
SOLID_VPHYSICS static prop with no vphysics model! (models/props_downtown/light02_32.mdl)
CStaticProp::Init:  Map error, static_prop with bogus SOLID_ flag (3)! (models/props_c17/light_decklight01_on.mdl)
SOLID_VPHYSICS static prop with no vphysics model! (models/props_downtown/light02_32.mdl)
SOLID_VPHYSICS static prop with no vphysics model! (models/props_combine/tpcontrollerscreens.mdl)
SOLID_VPHYSICS static prop with no vphysics model! (models/props_downtown/light02_32.mdl)
SOLID_VPHYSICS static prop with no vphysics model! (models/props_downtown/light02_32.mdl)
SOLID_VPHYSICS static prop with no vphysics model! (models/props_downtown/light02_32.mdl)
ServerGuard (SERVER) Loaded.
///////////////////////////////
//      Ulysses Library      //
///////////////////////////////
// Loading...                //
//  shared/defines.lua       //
//  shared/misc.lua          //
//  shared/util.lua          //
//  shared/hook.lua          //
//  shared/table.lua         //
//  shared/player.lua        //
//  server/player.lua        //
//  shared/messages.lua      //
//  shared/commands.lua      //
//  server/concommand.lua    //
//  server/util.lua          //
//  shared/sh_ucl.lua        //
//  server/ucl.lua           //
//  server/phys.lua          //
//  server/player_ext.lua    //
//  server/entity_ext.lua    //
//  shared/plugin.lua        //
//  shared/cami_global.lua   //
//  shared/cami_ulib.lua     //
// Load Complete!            //
///////////////////////////////
[ULIB] Loading SHARED module: ulx_init.lua
///////////////////////////////
//       ULX Admin Mod       //
///////////////////////////////
// Loading...                //
//  sh_defines.lua           //
//  lib.lua                  //
//  base.lua                 //
//  sh_base.lua              //
//  log.lua                  //
//  MODULE: slots.lua        //
//  MODULE: uteam.lua        //
//  MODULE: votemap.lua      //
//  MODULE: xgui_server.lua  //
///////////////////////////////
// ULX GUI -- by Stickly Man //
///////////////////////////////
// Adding Main Modules..     //
//  bans.lua                 //
//  commands.lua             //
//  groups.lua               //
//  maps.lua                 //
//  settings.lua             //
// Adding Setting Modules..  //
//  client.lua               //
//  server.lua               //
// Adding Gamemode Modules.. //
//  sandbox.lua              //
// Loading Server Modules..  //
//  sv_bans.lua              //
//  sv_groups.lua            //
//  sv_maps.lua              //
//  sv_sandbox.lua           //
//  sv_settings.lua          //
// XGUI modules added!       //
///////////////////////////////
//  MODULE: chat.lua         //
//  MODULE: fun.lua          //
//  MODULE: menus.lua        //
//  MODULE: rcon.lua         //
//  MODULE: teleport.lua     //
//  MODULE: user.lua         //
//  MODULE: userhelp.lua     //
//  MODULE: util.lua         //
//  MODULE: vote.lua         //
//  end.lua                  //
// Load Complete!            //
///////////////////////////////
Wiremod Version 'Workshop' loaded
[DOWNLOADER] SCANNING 13 ADDONS TO ADD RESOURCES...
[DOWNLOADER] [+] 648741981  rp_city2_v4_final
[DOWNLOADER] [+] 2306939705 Romka's Combine Soldiers
[DOWNLOADER] [+] 160250458  Wiremod
[DOWNLOADER] [+] 104491619  Metropolice Pack
[DOWNLOADER] [+] 677125227  Enhanced Citizens v4
[DOWNLOADER] [+] 254077907  Half-Life 2 Beta Weapons Pack V2
[DOWNLOADER] FINISHED TO ADD RESOURCES: 6 ADDONS SELECTED
---------------------------------
| Loading ServerSide PermaProps |
---------------------------------
permaprops/sv_lib.lua
permaprops/sv_menu.lua
permaprops/sv_permissions.lua
permaprops/sv_specialfcn.lua
permaprops/sv_sql.lua
-----------------------------
| Loading Shared PermaProps |
-----------------------------
---------------------------------
| Loading ClientSide PermaProps |
---------------------------------
permaprops/cl_drawent.lua
permaprops/cl_menu.lua
-------------------------------
Error! Flag "$nocull" is multiply defined in material "combine_sniper/metal_steel"!
Error! Flag "$nocull" is multiply defined in material "combine_sniper/rubber"!
Error! Flag "$nocull" is multiply defined in material "combine_sniper/bolt"!
Error! Flag "$nocull" is multiply defined in material "combine_sniper/bolt_metal"!
KeyValues Error: LoadFromBuffer: missing { in file materials/models/weapons/tfa_ins2/spas12_bri/shotgun_diffuse.vmt
(*VertexLitGeneric*), 
KeyValues Error: LoadFromBuffer: missing { in file materials/models/weapons/tfa_ins2/spas12_bri/shotgun_diffuse.vmt
(*VertexLitGeneric*), 
 +---------------------------------+
 |          E2 EXTENSIONS          |
 +----------------+----------------+
 |    ENABLED     |    DISABLED    |
 +----------------+----------------+
 | console        | constraintcore |
 | file           | effects        |
 | find           | http           |
 | holo           | propcore       |
 | npc            | remoteupload   |
 | ranger         | wiring         |
 | serialization  |                |
 | sound          |                |
 +----------------+----------------+

[ULib] HTTP failed - ISteamHTTP isn't available!
  1. Fetch - lua/includes/modules/http.lua:42
   2. fn - lua/ulib/shared/plugin.lua:186
    3. unknown - lua/ulib/shared/hook.lua:109


[ULib] HTTP failed - ISteamHTTP isn't available!
  1. Fetch - lua/includes/modules/http.lua:42
   2. fn - addons/serverguard/lua/sg_server.lua:38
    3. unknown - lua/ulib/shared/hook.lua:109

<<<<<<< Updated upstream
[00:37][ServerGuard] [mysql] Connected to the database!
=======
[00:25][ServerGuard] [mysql] Connected to the database!
material models/bloo_ltcom_zel/citizens/glassesside_walter has a normal map and an envmapmask.  Must use $normalmapalphaenvmapmask.

material models/bloo_ltcom_zel/citizens/glassesfront_walter has a normal map and an envmapmask.  Must use $normalmapalphaenvmapmask.

Error! Flag "$halflambert" is multiply defined in material "models/bloo_ltcom_zel/citizens/female_hands"!
>>>>>>> Stashed changes
Making workshop map available for client download
Using map cycle file cfg/mapcycle.txt.
Attempted to create unknown entity type info_ladder!
Failed to load .nav file: Cannot access!
Server logging enabled.
<<<<<<< Updated upstream
Server logging data to file logs\L0827006.log
L 08/27/2021 - 00:37:30: Log file started (file "logs\L0827006.log") (game "C:\brock-community\garrysmod") (version "8283")
=======
Server logging data to file logs\L0827005.log
L 08/27/2021 - 00:25:54: Log file started (file "logs\L0827005.log") (game "C:\brock-community\garrysmod") (version "8283")
>>>>>>> Stashed changes
'banned_ip.cfg' not present; not executing.
[mysql] Connected to the database!
Database Type: sqlite.
Writing cfg/banned_user.cfg.
<<<<<<< Updated upstream
=======
[00:26][ServerGuard] Player 'Hamood' [STEAM_0:0:420247449] is attempting to connect.
Client "Hamood" connected (192.168.1.2:27006).
[mysql] SQL Query Error!
Query: ALTER TABLE `serverguard_reports` ADD `member` VARCHAR(255) NOT NULL DEFAULT '0';
duplicate column name: member
[DOWNLOADER ]Failed to send track data: unsuccessful
[LOG] Hamood has connected.
Loaded () for Hamood
Created character '45' for Hamood.
[LOG] Hamood created the character 'Dex Mcgugget'
[LOG] Dex Mcgugget has gained a 'Suitcase' #151.
[LOG] Dex Mcgugget has gained a 'Flashlight' #152.
[LOG] Dex Mcgugget has gained a 'Citizen ID' #153.
[LOG] Hamood loaded the character 'Dex Mcgugget'

[ERROR] gamemodes/ixhl2rp/schema/factions/sh_citizen.lua:59: attempt to call method 'getData' (a nil value)
  1. initCitizen - gamemodes/ixhl2rp/schema/factions/sh_citizen.lua:59
   2. OnSpawn - gamemodes/ixhl2rp/schema/factions/sh_citizen.lua:51
    3. Run - gamemodes/helix/gamemode/core/hooks/sv_hooks.lua:494
     4. unknown - gamemodes/helix/gamemode/core/hooks/sv_hooks.lua:330
      5. Spawn - [C]:-1
       6. func - gamemodes/helix/gamemode/core/libs/sh_character.lua:900
        7. unknown - lua/includes/extensions/net.lua:32


[ERROR] gamemodes/ixhl2rp/schema/factions/sh_citizen.lua:59: attempt to call method 'getData' (a nil value)
  1. initCitizen - gamemodes/ixhl2rp/schema/factions/sh_citizen.lua:59
   2. OnSpawn - gamemodes/ixhl2rp/schema/factions/sh_citizen.lua:51
    3. Run - gamemodes/helix/gamemode/core/hooks/sv_hooks.lua:494
     4. Run - gamemodes/helix/gamemode/core/hooks/sv_hooks.lua:275
      5. func - gamemodes/helix/gamemode/core/libs/sh_character.lua:902
       6. unknown - lua/includes/extensions/net.lua:32

Hamood<STEAM_0:0:420247449> changed their name to Dex Mcgugget
[Hamood|2|STEAM_0:0:420247449] Lua Error:

[ERROR] gamemodes/helix/gamemode/core/cl_skin.lua:111: Tried to use a NULL Panel!
  1. GetTitle - [C]:-1
   2. SkinHook - gamemodes/helix/gamemode/core/cl_skin.lua:111
    3. unknown - lua/vgui/dframe.lua:203


[Hamood|2|STEAM_0:0:420247449] Lua Error:

[ERROR] gamemodes/helix/gamemode/core/cl_skin.lua:111: Tried to use a NULL Panel!
  1. GetTitle - [C]:-1
   2. SkinHook - gamemodes/helix/gamemode/core/cl_skin.lua:111
    3. unknown - lua/vgui/dframe.lua:203


[Hamood|2|STEAM_0:0:420247449] Lua Error:

[ERROR] gamemodes/helix/gamemode/core/cl_skin.lua:111: Tried to use a NULL Panel!
  1. GetTitle - [C]:-1
   2. SkinHook - gamemodes/helix/gamemode/core/cl_skin.lua:111
    3. unknown - lua/vgui/dframe.lua:203


[Hamood|2|STEAM_0:0:420247449] Lua Error:

[ERROR] gamemodes/helix/gamemode/core/cl_skin.lua:111: Tried to use a NULL Panel!
  1. GetTitle - [C]:-1
   2. SkinHook - gamemodes/helix/gamemode/core/cl_skin.lua:111
    3. unknown - lua/vgui/dframe.lua:203


[Hamood|2|STEAM_0:0:420247449] Lua Error:

[ERROR] gamemodes/helix/gamemode/core/cl_skin.lua:111: Tried to use a NULL Panel!
  1. GetTitle - [C]:-1
   2. SkinHook - gamemodes/helix/gamemode/core/cl_skin.lua:111
    3. unknown - lua/vgui/dframe.lua:203


[LOG] Dex Mcgugget has spawned a 'NPC [101][npc_metropolice]'.
ServerLog: [ULX] Dex Mcgugget<STEAM_0:0:420247449> spawned NPC npc_metropolice
Dex Mcgugget<STEAM_0:0:420247449> spawned NPC npc_metropolice
[LOG] Dex Mcgugget has spawned a 'NPC [102][npc_metropolice]'.
ServerLog: [ULX] Dex Mcgugget<STEAM_0:0:420247449> spawned NPC npc_metropolice
Dex Mcgugget<STEAM_0:0:420247449> spawned NPC npc_metropolice
[LOG] Dex Mcgugget has spawned a 'NPC [101][npc_metropolice]'.
ServerLog: [ULX] Dex Mcgugget<STEAM_0:0:420247449> spawned NPC npc_metropolice
Dex Mcgugget<STEAM_0:0:420247449> spawned NPC npc_metropolice
[LOG] Dex Mcgugget has spawned a 'NPC [102][npc_metropolice]'.
ServerLog: [ULX] Dex Mcgugget<STEAM_0:0:420247449> spawned NPC npc_metropolice
Dex Mcgugget<STEAM_0:0:420247449> spawned NPC npc_metropolice
[LOG] Dex Mcgugget has taken 10 damage from npc_metropolice.
[LOG] Dex Mcgugget has taken 10 damage from npc_metropolice.
[LOG] Dex Mcgugget has taken 10 damage from npc_metropolice.
[LOG] Dex Mcgugget has taken 10 damage from npc_metropolice.
[LOG] Dex Mcgugget entered observer.
[LOG] Dex Mcgugget exited observer at their location.
[LOG] Dex Mcgugget entered observer.
[LOG] Dex Mcgugget exited observer at their location.
[LOG] Dex Mcgugget has spawned a 'Entity [101][ix_rationdispenser]'.
ServerLog: [ULX] Dex Mcgugget<STEAM_0:0:420247449> spawned sent ix_rationdispenser
Dex Mcgugget<STEAM_0:0:420247449> spawned sent ix_rationdispenser
[LOG] Dex Mcgugget ran 'Open' on item 'Ration' (#154)
[LOG] Dex Mcgugget has gained a 'Supplements' #155.
[LOG] Dex Mcgugget has gained a 'Breen's Water' #156.
[LOG] Dex Mcgugget has gained 30 Tokens.
[LOG] Dex Mcgugget ran 'Eat' on item 'Supplements' (#155)
[LOG] Dex Mcgugget ran 'Drink' on item 'Breen's Water' (#156)
>>>>>>> Stashed changes
